This is pdfTeX, Version 3.14159265-2.6-1.40.16 (TeX Live 2015/Debian) (preloaded format=pdflatex 2017.8.23)  13 JUN 2018 16:17
entering extended mode
 restricted \write18 enabled.
 %&-line parsing enabled.
**ARTICLE_ASME_V4.tex
(./ARTICLE_ASME_V4.tex
LaTeX2e <2016/02/01>
Babel <3.9q> and hyphenation patterns for 81 language(s) loaded.
(./asme2ej.cls

LaTeX Warning: You have requested document class `asme2ej',
               but the document class provides `asme2e'.

Document Class: asme2e 2001/2/14 v2.0 Standard LaTeX document class
(/usr/share/texlive/texmf-dist/tex/latex/base/ifthen.sty
Package: ifthen 2014/09/29 v1.1c Standard LaTeX ifthen package (DPC)
)
(/usr/share/texlive/texmf-dist/tex/latex/psnfss/times.sty
Package: times 2005/04/12 PSNFSS-v9.2a (SPQR) 
)
(/usr/share/texlive/texmf-dist/tex/latex/psnfss/mathptm.sty
Package: mathptm 2005/04/12 PSNFSS-v9.2a Times w/ Math (SPQR, WaS) 


Package mathptm Warning: This package is to be regarded as obsolete.
(mathptm)                See the PSNFSS documentation.

LaTeX Font Info:    Redeclaring symbol font `operators' on input line 31.
LaTeX Font Info:    Overwriting symbol font `operators' in version `normal'
(Font)                  OT1/cmr/m/n --> OT1/ptmcm/m/n on input line 31.
LaTeX Font Info:    Overwriting symbol font `operators' in version `bold'
(Font)                  OT1/cmr/bx/n --> OT1/ptmcm/m/n on input line 31.
LaTeX Font Info:    Redeclaring symbol font `letters' on input line 32.
LaTeX Font Info:    Overwriting symbol font `letters' in version `normal'
(Font)                  OML/cmm/m/it --> OML/ptmcm/m/it on input line 32.
LaTeX Font Info:    Overwriting symbol font `letters' in version `bold'
(Font)                  OML/cmm/b/it --> OML/ptmcm/m/it on input line 32.
LaTeX Font Info:    Redeclaring symbol font `symbols' on input line 33.
LaTeX Font Info:    Overwriting symbol font `symbols' in version `normal'
(Font)                  OMS/cmsy/m/n --> OMS/pzccm/m/n on input line 33.
LaTeX Font Info:    Overwriting symbol font `symbols' in version `bold'
(Font)                  OMS/cmsy/b/n --> OMS/pzccm/m/n on input line 33.
LaTeX Font Info:    Redeclaring symbol font `largesymbols' on input line 34.
LaTeX Font Info:    Overwriting symbol font `largesymbols' in version `normal'
(Font)                  OMX/cmex/m/n --> OMX/psycm/m/n on input line 34.
LaTeX Font Info:    Overwriting symbol font `largesymbols' in version `bold'
(Font)                  OMX/cmex/m/n --> OMX/psycm/m/n on input line 34.
\symbold=\mathgroup4
\symitalic=\mathgroup5
LaTeX Font Info:    Redeclaring math alphabet \mathbf on input line 37.
LaTeX Font Info:    Overwriting math alphabet `\mathbf' in version `normal'
(Font)                  OT1/cmr/bx/n --> OT1/ptm/bx/n on input line 37.
LaTeX Font Info:    Overwriting math alphabet `\mathbf' in version `bold'
(Font)                  OT1/cmr/bx/n --> OT1/ptm/bx/n on input line 37.
LaTeX Font Info:    Redeclaring math alphabet \mathit on input line 38.
LaTeX Font Info:    Overwriting math alphabet `\mathit' in version `normal'
(Font)                  OT1/cmr/m/it --> OT1/ptm/m/it on input line 38.
LaTeX Font Info:    Overwriting math alphabet `\mathit' in version `bold'
(Font)                  OT1/cmr/bx/it --> OT1/ptm/m/it on input line 38.
) (/usr/share/texlive/texmf-dist/tex/generic/oberdiek/ifpdf.sty
Package: ifpdf 2011/01/30 v2.3 Provides the ifpdf switch (HO)
Package ifpdf Info: pdfTeX in PDF mode is detected.
)
Ten Point
LaTeX Font Info:    Try loading font information for OT1+phv on input line 301.

(/usr/share/texlive/texmf-dist/tex/latex/psnfss/ot1phv.fd
File: ot1phv.fd 2001/06/04 scalable font definitions for OT1/phv.
)
\c@part=\count79
\c@section=\count80
\c@subsection=\count81
\c@subsubsection=\count82
\c@paragraph=\count83
\c@subparagraph=\count84
\tempbox=\box26
\c@figure=\count85
\c@table=\count86
\@authcnt=\count87
\@tmpcnt=\count88
\bibindent=\dimen102
\tempbox=\box27
\minute=\count89
\hour=\count90
)
(/usr/share/texlive/texmf-dist/tex/latex/hyphenat/hyphenat.sty
Package: hyphenat 2009/09/02 v2.3c hyphenation utilities
\langwohyphens=\language81
LaTeX Info: Redefining \_ on input line 43.
)
(/usr/share/texlive/texmf-dist/tex/latex/graphics/epsfig.sty
Package: epsfig 1999/02/16 v1.7a (e)psfig emulation (SPQR)

(/usr/share/texlive/texmf-dist/tex/latex/graphics/graphicx.sty
Package: graphicx 2014/10/28 v1.0g Enhanced LaTeX Graphics (DPC,SPQR)

(/usr/share/texlive/texmf-dist/tex/latex/graphics/keyval.sty
Package: keyval 2014/10/28 v1.15 key=value parser (DPC)
\KV@toks@=\toks14
)
(/usr/share/texlive/texmf-dist/tex/latex/graphics/graphics.sty
Package: graphics 2016/01/03 v1.0q Standard LaTeX Graphics (DPC,SPQR)

(/usr/share/texlive/texmf-dist/tex/latex/graphics/trig.sty
Package: trig 2016/01/03 v1.10 sin cos tan (DPC)
)
(/usr/share/texlive/texmf-dist/tex/latex/latexconfig/graphics.cfg
File: graphics.cfg 2010/04/23 v1.9 graphics configuration of TeX Live
)
Package graphics Info: Driver file: pdftex.def on input line 95.

(/usr/share/texlive/texmf-dist/tex/latex/pdftex-def/pdftex.def
File: pdftex.def 2011/05/27 v0.06d Graphics/color for pdfTeX

(/usr/share/texlive/texmf-dist/tex/generic/oberdiek/infwarerr.sty
Package: infwarerr 2010/04/08 v1.3 Providing info/warning/error messages (HO)
)
(/usr/share/texlive/texmf-dist/tex/generic/oberdiek/ltxcmds.sty
Package: ltxcmds 2011/11/09 v1.22 LaTeX kernel commands for general use (HO)
)
\Gread@gobject=\count91
))
\Gin@req@height=\dimen103
\Gin@req@width=\dimen104
)
\epsfxsize=\dimen105
\epsfysize=\dimen106
)
(/usr/share/texlive/texmf-dist/tex/latex/amsmath/amsmath.sty
Package: amsmath 2016/03/03 v2.15a AMS math features
\@mathmargin=\skip41

For additional information on amsmath, use the `?' option.
(/usr/share/texlive/texmf-dist/tex/latex/amsmath/amstext.sty
Package: amstext 2000/06/29 v2.01 AMS text

(/usr/share/texlive/texmf-dist/tex/latex/amsmath/amsgen.sty
File: amsgen.sty 1999/11/30 v2.0 generic functions
\@emptytoks=\toks15
\ex@=\dimen107
))
(/usr/share/texlive/texmf-dist/tex/latex/amsmath/amsbsy.sty
Package: amsbsy 1999/11/29 v1.2d Bold Symbols
\pmbraise@=\dimen108
)
(/usr/share/texlive/texmf-dist/tex/latex/amsmath/amsopn.sty
Package: amsopn 1999/12/14 v2.01 operator names
)
\inf@bad=\count92
LaTeX Info: Redefining \frac on input line 199.
\uproot@=\count93
\leftroot@=\count94
LaTeX Info: Redefining \overline on input line 297.
\classnum@=\count95
\DOTSCASE@=\count96
LaTeX Info: Redefining \ldots on input line 394.
LaTeX Info: Redefining \dots on input line 397.
LaTeX Info: Redefining \cdots on input line 518.
\Mathstrutbox@=\box28
\strutbox@=\box29
\big@size=\dimen109
LaTeX Font Info:    Redeclaring font encoding OML on input line 630.
LaTeX Font Info:    Redeclaring font encoding OMS on input line 631.
\macc@depth=\count97
\c@MaxMatrixCols=\count98
\dotsspace@=\muskip10
\c@parentequation=\count99
\dspbrk@lvl=\count100
\tag@help=\toks16
\row@=\count101
\column@=\count102
\maxfields@=\count103
\andhelp@=\toks17
\eqnshift@=\dimen110
\alignsep@=\dimen111
\tagshift@=\dimen112
\tagwidth@=\dimen113
\totwidth@=\dimen114
\lineht@=\dimen115
\@envbody=\toks18
\multlinegap=\skip42
\multlinetaggap=\skip43
\mathdisplay@stack=\toks19
LaTeX Info: Redefining \[ on input line 2735.
LaTeX Info: Redefining \] on input line 2736.
)
(/usr/share/texlive/texmf-dist/tex/latex/amsfonts/amssymb.sty
Package: amssymb 2013/01/14 v3.01 AMS font symbols

(/usr/share/texlive/texmf-dist/tex/latex/amsfonts/amsfonts.sty
Package: amsfonts 2013/01/14 v3.01 Basic AMSFonts support
\symAMSa=\mathgroup6
\symAMSb=\mathgroup7
LaTeX Font Info:    Overwriting math alphabet `\mathfrak' in version `bold'
(Font)                  U/euf/m/n --> U/euf/b/n on input line 106.
))
(/usr/share/texlive/texmf-dist/tex/latex/breqn/breqn.sty
(/usr/share/texlive/texmf-dist/tex/latex/l3kernel/expl3.sty
Package: expl3 2016/01/19 v6377 L3 programming layer (loader) 

(/usr/share/texlive/texmf-dist/tex/latex/l3kernel/expl3-code.tex
Package: expl3 2016/01/19 v6377 L3 programming layer (code)
L3 Module: l3bootstrap 2016/01/01 v6339 L3 Bootstrap code
L3 Module: l3names 2015/12/21 v6328 L3 Namespace for primitives
L3 Module: l3basics 2015/11/22 v6315 L3 Basic definitions
L3 Module: l3expan 2015/09/10 v5983 L3 Argument expansion
L3 Module: l3tl 2015/09/29 v6121 L3 Token lists
L3 Module: l3str 2016/01/03 v6357 L3 Strings
L3 Module: l3seq 2015/08/05 v5777 L3 Sequences and stacks
L3 Module: l3int 2016/01/05 v6366 L3 Integers
\c_max_int=\count104
\l_tmpa_int=\count105
\l_tmpb_int=\count106
\g_tmpa_int=\count107
\g_tmpb_int=\count108
L3 Module: l3quark 2015/08/17 v5855 L3 Quarks
L3 Module: l3prg 2015/11/01 v6216 L3 Control structures
\g__prg_map_int=\count109
L3 Module: l3clist 2015/09/02 v5901 L3 Comma separated lists
L3 Module: l3token 2015/11/11 v6249 L3 Experimental token manipulation
L3 Module: l3prop 2016/01/05 v6366 L3 Property lists
L3 Module: l3msg 2015/09/28 v6113 L3 Messages
L3 Module: l3file 2015/12/03 v6317 L3 File and I/O operations
\l_iow_line_count_int=\count110
\l__iow_target_count_int=\count111
\l__iow_current_line_int=\count112
\l__iow_current_word_int=\count113
\l__iow_current_indentation_int=\count114
L3 Module: l3skip 2016/01/05 v6366 L3 Dimensions and skips
\c_zero_dim=\dimen116
\c_max_dim=\dimen117
\l_tmpa_dim=\dimen118
\l_tmpb_dim=\dimen119
\g_tmpa_dim=\dimen120
\g_tmpb_dim=\dimen121
\c_zero_skip=\skip44
\c_max_skip=\skip45
\l_tmpa_skip=\skip46
\l_tmpb_skip=\skip47
\g_tmpa_skip=\skip48
\g_tmpb_skip=\skip49
\c_zero_muskip=\muskip11
\c_max_muskip=\muskip12
\l_tmpa_muskip=\muskip13
\l_tmpb_muskip=\muskip14
\g_tmpa_muskip=\muskip15
\g_tmpb_muskip=\muskip16
L3 Module: l3keys 2015/11/17 v6284 L3 Key-value interfaces
\g__keyval_level_int=\count115
\l_keys_choice_int=\count116
L3 Module: l3fp 2015/08/25 v5890 L3 Floating points
\c__fp_leading_shift_int=\count117
\c__fp_middle_shift_int=\count118
\c__fp_trailing_shift_int=\count119
\c__fp_big_leading_shift_int=\count120
\c__fp_big_middle_shift_int=\count121
\c__fp_big_trailing_shift_int=\count122
\c__fp_Bigg_leading_shift_int=\count123
\c__fp_Bigg_middle_shift_int=\count124
\c__fp_Bigg_trailing_shift_int=\count125
L3 Module: l3box 2015/08/09 v5822 L3 Experimental boxes
\c_empty_box=\box30
\l_tmpa_box=\box31
\l_tmpb_box=\box32
\g_tmpa_box=\box33
\g_tmpb_box=\box34
L3 Module: l3coffins 2015/08/06 v5789 L3 Coffin code layer
\l__coffin_internal_box=\box35
\l__coffin_internal_dim=\dimen122
\l__coffin_offset_x_dim=\dimen123
\l__coffin_offset_y_dim=\dimen124
\l__coffin_x_dim=\dimen125
\l__coffin_y_dim=\dimen126
\l__coffin_x_prime_dim=\dimen127
\l__coffin_y_prime_dim=\dimen128
\c_empty_coffin=\box36
\l__coffin_aligned_coffin=\box37
\l__coffin_aligned_internal_coffin=\box38
\l_tmpa_coffin=\box39
\l_tmpb_coffin=\box40
\l__coffin_display_coffin=\box41
\l__coffin_display_coord_coffin=\box42
\l__coffin_display_pole_coffin=\box43
\l__coffin_display_offset_dim=\dimen129
\l__coffin_display_x_dim=\dimen130
\l__coffin_display_y_dim=\dimen131
L3 Module: l3color 2014/08/23 v5354 L3 Experimental color support
L3 Module: l3sys 2015/09/25 v6087 L3 Experimental system/runtime functions
L3 Module: l3candidates 2016/01/14 v6376 L3 Experimental additions to l3kernel
\l__box_top_dim=\dimen132
\l__box_bottom_dim=\dimen133
\l__box_left_dim=\dimen134
\l__box_right_dim=\dimen135
\l__box_top_new_dim=\dimen136
\l__box_bottom_new_dim=\dimen137
\l__box_left_new_dim=\dimen138
\l__box_right_new_dim=\dimen139
\l__box_internal_box=\box44
\l__coffin_bounding_shift_dim=\dimen140
\l__coffin_left_corner_dim=\dimen141
\l__coffin_right_corner_dim=\dimen142
\l__coffin_bottom_corner_dim=\dimen143
\l__coffin_top_corner_dim=\dimen144
\l__coffin_scaled_total_height_dim=\dimen145
\l__coffin_scaled_width_dim=\dimen146
L3 Module: l3luatex 2015/11/11 v6250 L3 Experimental LuaTeX-specific functions
)
(/usr/share/texlive/texmf-dist/tex/latex/l3kernel/l3pdfmode.def
File: l3pdfmode.def 2015/11/11 v6250 L3 Experimental driver: PDF mode
\l__driver_color_stack_int=\count126
))
Package: breqn 2015/08/11 v0.98d Breaking equations

(/usr/share/texlive/texmf-dist/tex/latex/breqn/flexisym.sty
Package: flexisym 2015/08/11 v0.98d Make math characters macros
LaTeX Info: Redefining \textprime on input line 299.
LaTeX Info: Redefining \not on input line 357.

(/usr/share/texlive/texmf-dist/tex/latex/breqn/cmbase.sym
File: cmbase.sym 2007/12/19 v0.92
LaTeX Info: Redefining \hbar on input line 324.
LaTeX Info: Redefining \surd on input line 326.
LaTeX Info: Redefining \angle on input line 334.
LaTeX Info: Redefining \neq on input line 335.
LaTeX Info: Redefining \mapsto on input line 336.
LaTeX Info: Redefining \cong on input line 337.
LaTeX Info: Redefining \notin on input line 340.
LaTeX Info: Redefining \rightleftharpoons on input line 341.
LaTeX Info: Redefining \doteq on input line 342.
LaTeX Info: Redefining \hookrightarrow on input line 343.
LaTeX Info: Redefining \hookleftarrow on input line 344.
LaTeX Info: Redefining \bowtie on input line 345.
LaTeX Info: Redefining \models on input line 346.
LaTeX Info: Redefining \Longrightarrow on input line 347.
LaTeX Info: Redefining \longrightarrow on input line 348.
LaTeX Info: Redefining \Longleftarrow on input line 349.
LaTeX Info: Redefining \longleftarrow on input line 350.
LaTeX Info: Redefining \longmapsto on input line 351.
LaTeX Info: Redefining \longleftrightarrow on input line 352.
LaTeX Info: Redefining \Longleftrightarrow on input line 353.
LaTeX Info: Redefining \cdots on input line 357.
LaTeX Info: Redefining \vdots on input line 360.
LaTeX Info: Redefining \ddots on input line 365.
)
(/usr/share/texlive/texmf-dist/tex/latex/breqn/mathstyle.sty
Package: mathstyle 2015/08/11 v0.98d Tracking mathstyle implicitly
LaTeX Info: Redefining \displaystyle on input line 93.
LaTeX Info: Redefining \textstyle on input line 95.
LaTeX Info: Redefining \scriptstyle on input line 97.
LaTeX Info: Redefining \scriptscriptstyle on input line 99.
LaTeX Info: Redefining \genfrac on input line 145.
))
(/usr/share/texlive/texmf-dist/tex/latex/tools/calc.sty
Package: calc 2014/10/28 v4.3 Infix arithmetic (KKT,FJ)
\calc@Acount=\count127
\calc@Bcount=\count128
\calc@Adimen=\dimen147
\calc@Bdimen=\dimen148
\calc@Askip=\skip50
\calc@Bskip=\skip51
LaTeX Info: Redefining \setlength on input line 80.
LaTeX Info: Redefining \addtolength on input line 81.
\calc@Ccount=\count129
\calc@Cskip=\skip52
)
\inf@bad=\count130
\maxint=\count131
\listwidth=\dimen149
\eqnumsep=\dimen150
\eqmargin=\dimen151
\eqlinespacing=\skip53
\eqlineskip=\skip54
\eqlineskiplimit=\dimen152
\eqbinoffset=\muskip17
\eqdelimoffset=\muskip18
\eqindentstep=\dimen153
\eqstyle=\toks20
\eqbreakdepth=\count132
\eqinterlinepenalty=\count133
\intereqpenalty=\count134
\intereqskip=\skip55
\prerelpenalty=\count135
\prebinoppenalty=\count136
\Dmedmuskip=\muskip19
\Dthickmuskip=\muskip20
\eqleftskip=\skip56
\eqrightskip=\skip57
\eq@vspan=\skip58
\eq@binoffset=\muskip21
\EQ@box=\box45
\EQ@copy=\box46
\EQ@numbox=\box47
\eq@wdNum=\dimen154
\GRP@numbox=\box48
\grp@wdNum=\dimen155
\eq@lines=\count137
\eq@curline=\count138
\eq@badness=\count139
\EQ@vims=\count140
\eq@dp=\dimen156
\eq@wdL=\dimen157
\eq@wdT=\dimen158
\eq@wdMin=\dimen159
\grp@wdL=\dimen160
\grp@wdR=\dimen161
\grp@wdT=\dimen162
\eq@wdRmax=\dimen163
\eq@firstht=\dimen164
\eq@wdCond=\dimen165
\eq@indentstep=\dimen166
\eq@linewidth=\dimen167
\grp@linewidth=\dimen168
\eq@hshift=\dimen169
\eq@given@sidespace=\dimen170
\mathindent=\dimen171
\eq@final@linecount=\count141
\eq@wdR=\dimen172
\EQ@continue=\toks21
\lr@level=\count142
\GRP@queue=\toks22
\GRP@box=\box49
\GRP@wholebox=\box50
\darraycolsep=\skip59
\cur@row=\count143
\cur@col=\count144
\conditionsep=\skip60
)
(/usr/share/texlive/texmf-dist/tex/latex/listings/listings.sty
\lst@mode=\count145
\lst@gtempboxa=\box51
\lst@token=\toks23
\lst@length=\count146
\lst@currlwidth=\dimen173
\lst@column=\count147
\lst@pos=\count148
\lst@lostspace=\dimen174
\lst@width=\dimen175
\lst@newlines=\count149
\lst@lineno=\count150
\abovecaptionskip=\skip61
\belowcaptionskip=\skip62
\lst@maxwidth=\dimen176

(/usr/share/texlive/texmf-dist/tex/latex/listings/lstmisc.sty
File: lstmisc.sty 2015/06/04 1.6 (Carsten Heinz)
\c@lstnumber=\count151
\lst@skipnumbers=\count152
\lst@framebox=\box52
)
(/usr/share/texlive/texmf-dist/tex/latex/listings/listings.cfg
File: listings.cfg 2015/06/04 1.6 listings configuration
))
Package: listings 2015/06/04 1.6 (Carsten Heinz)

(/usr/share/texlive/texmf-dist/tex/latex/listings/lstlang1.sty
File: lstlang1.sty 2015/06/04 1.6 listings language file
)
(/usr/share/texlive/texmf-dist/tex/latex/graphics/color.sty
Package: color 2016/01/03 v1.1b Standard LaTeX Color (DPC)

(/usr/share/texlive/texmf-dist/tex/latex/latexconfig/color.cfg
File: color.cfg 2007/01/18 v1.5 color configuration of teTeX/TeXLive
)
Package color Info: Driver file: pdftex.def on input line 143.
)
(/usr/share/texlive/texmf-dist/tex/latex/hyperref/hyperref.sty
Package: hyperref 2012/11/06 v6.83m Hypertext links for LaTeX

(/usr/share/texlive/texmf-dist/tex/generic/oberdiek/hobsub-hyperref.sty
Package: hobsub-hyperref 2012/05/28 v1.13 Bundle oberdiek, subset hyperref (HO)


(/usr/share/texlive/texmf-dist/tex/generic/oberdiek/hobsub-generic.sty
Package: hobsub-generic 2012/05/28 v1.13 Bundle oberdiek, subset generic (HO)
Package: hobsub 2012/05/28 v1.13 Construct package bundles (HO)
Package hobsub Info: Skipping package `infwarerr' (already loaded).
Package hobsub Info: Skipping package `ltxcmds' (already loaded).
Package: ifluatex 2010/03/01 v1.3 Provides the ifluatex switch (HO)
Package ifluatex Info: LuaTeX not detected.
Package: ifvtex 2010/03/01 v1.5 Detect VTeX and its facilities (HO)
Package ifvtex Info: VTeX not detected.
Package: intcalc 2007/09/27 v1.1 Expandable calculations with integers (HO)
Package hobsub Info: Skipping package `ifpdf' (already loaded).
Package: etexcmds 2011/02/16 v1.5 Avoid name clashes with e-TeX commands (HO)
Package etexcmds Info: Could not find \expanded.
(etexcmds)             That can mean that you are not using pdfTeX 1.50 or
(etexcmds)             that some package has redefined \expanded.
(etexcmds)             In the latter case, load this package earlier.
Package: kvsetkeys 2012/04/25 v1.16 Key value parser (HO)
Package: kvdefinekeys 2011/04/07 v1.3 Define keys (HO)
Package: pdftexcmds 2011/11/29 v0.20 Utility functions of pdfTeX for LuaTeX (HO
)
Package pdftexcmds Info: LuaTeX not detected.
Package pdftexcmds Info: \pdf@primitive is available.
Package pdftexcmds Info: \pdf@ifprimitive is available.
Package pdftexcmds Info: \pdfdraftmode found.
Package: pdfescape 2011/11/25 v1.13 Implements pdfTeX's escape features (HO)
Package: bigintcalc 2012/04/08 v1.3 Expandable calculations on big integers (HO
)
Package: bitset 2011/01/30 v1.1 Handle bit-vector datatype (HO)
Package: uniquecounter 2011/01/30 v1.2 Provide unlimited unique counter (HO)
)
Package hobsub Info: Skipping package `hobsub' (already loaded).
Package: letltxmacro 2010/09/02 v1.4 Let assignment for LaTeX macros (HO)
Package: hopatch 2012/05/28 v1.2 Wrapper for package hooks (HO)
Package: xcolor-patch 2011/01/30 xcolor patch
Package: atveryend 2011/06/30 v1.8 Hooks at the very end of document (HO)
Package atveryend Info: \enddocument detected (standard20110627).
Package: atbegshi 2011/10/05 v1.16 At begin shipout hook (HO)
Package: refcount 2011/10/16 v3.4 Data extraction from label references (HO)
Package: hycolor 2011/01/30 v1.7 Color options for hyperref/bookmark (HO)
)
(/usr/share/texlive/texmf-dist/tex/generic/ifxetex/ifxetex.sty
Package: ifxetex 2010/09/12 v0.6 Provides ifxetex conditional
)
(/usr/share/texlive/texmf-dist/tex/latex/oberdiek/auxhook.sty
Package: auxhook 2011/03/04 v1.3 Hooks for auxiliary files (HO)
)
(/usr/share/texlive/texmf-dist/tex/latex/oberdiek/kvoptions.sty
Package: kvoptions 2011/06/30 v3.11 Key value format for package options (HO)
)
\@linkdim=\dimen177
\Hy@linkcounter=\count153
\Hy@pagecounter=\count154

(/usr/share/texlive/texmf-dist/tex/latex/hyperref/pd1enc.def
File: pd1enc.def 2012/11/06 v6.83m Hyperref: PDFDocEncoding definition (HO)
)
\Hy@SavedSpaceFactor=\count155

(/usr/share/texlive/texmf-dist/tex/latex/latexconfig/hyperref.cfg
File: hyperref.cfg 2002/06/06 v1.2 hyperref configuration of TeXLive
)
Package hyperref Info: Option `colorlinks' set `true' on input line 4319.
Package hyperref Info: Hyper figures OFF on input line 4443.
Package hyperref Info: Link nesting OFF on input line 4448.
Package hyperref Info: Hyper index ON on input line 4451.
Package hyperref Info: Plain pages OFF on input line 4458.
Package hyperref Info: Backreferencing OFF on input line 4463.
Package hyperref Info: Implicit mode ON; LaTeX internals redefined.
Package hyperref Info: Bookmarks ON on input line 4688.
\c@Hy@tempcnt=\count156

(/usr/share/texlive/texmf-dist/tex/latex/url/url.sty
\Urlmuskip=\muskip22
Package: url 2013/09/16  ver 3.4  Verb mode for urls, etc.
)
LaTeX Info: Redefining \url on input line 5041.
\XeTeXLinkMargin=\dimen178
\Fld@menulength=\count157
\Field@Width=\dimen179
\Fld@charsize=\dimen180
Package hyperref Info: Hyper figures OFF on input line 6295.
Package hyperref Info: Link nesting OFF on input line 6300.
Package hyperref Info: Hyper index ON on input line 6303.
Package hyperref Info: backreferencing OFF on input line 6310.
Package hyperref Info: Link coloring ON on input line 6313.
Package hyperref Info: Link coloring with OCG OFF on input line 6320.
Package hyperref Info: PDF/A mode OFF on input line 6325.
LaTeX Info: Redefining \ref on input line 6365.
LaTeX Info: Redefining \pageref on input line 6369.
\Hy@abspage=\count158
\c@Item=\count159
\c@Hfootnote=\count160
)

Package hyperref Message: Driver (autodetected): hpdftex.

(/usr/share/texlive/texmf-dist/tex/latex/hyperref/hpdftex.def
File: hpdftex.def 2012/11/06 v6.83m Hyperref driver for pdfTeX
\Fld@listcount=\count161
\c@bookmark@seq@number=\count162

(/usr/share/texlive/texmf-dist/tex/latex/oberdiek/rerunfilecheck.sty
Package: rerunfilecheck 2011/04/15 v1.7 Rerun checks for auxiliary files (HO)
Package uniquecounter Info: New unique counter `rerunfilecheck' on input line 2
82.
)
\Hy@SectionHShift=\skip63
)
(/usr/share/texlive/texmf-dist/tex/latex/cprotect/cprotect.sty
Package: cprotect 2011/01/27 v1.0e (Bruno Le Floch)

(/usr/share/texlive/texmf-dist/tex/latex/bigfoot/suffix.sty
Package: suffix 2006/07/15 1.5a Variant command support
)
\CPT@WriteOut=\write3
\c@CPT@WriteCount=\count163
\c@CPT@numB=\count164
\CPT@commandatend@toks=\toks24
)
(./ARTICLE_ASME_V4.aux

LaTeX Warning: Label `fig:listingNL' multiply defined.

)
\openout1 = `ARTICLE_ASME_V4.aux'.

LaTeX Font Info:    Checking defaults for OML/cmm/m/it on input line 111.
LaTeX Font Info:    ... okay on input line 111.
LaTeX Font Info:    Checking defaults for T1/cmr/m/n on input line 111.
LaTeX Font Info:    ... okay on input line 111.
LaTeX Font Info:    Checking defaults for OT1/cmr/m/n on input line 111.
LaTeX Font Info:    ... okay on input line 111.
LaTeX Font Info:    Checking defaults for OMS/cmsy/m/n on input line 111.
LaTeX Font Info:    ... okay on input line 111.
LaTeX Font Info:    Checking defaults for OMX/cmex/m/n on input line 111.
LaTeX Font Info:    ... okay on input line 111.
LaTeX Font Info:    Checking defaults for U/cmr/m/n on input line 111.
LaTeX Font Info:    ... okay on input line 111.
LaTeX Font Info:    Checking defaults for PD1/pdf/m/n on input line 111.
LaTeX Font Info:    ... okay on input line 111.
LaTeX Font Info:    Try loading font information for OT1+ptm on input line 111.

 (/usr/share/texlive/texmf-dist/tex/latex/psnfss/ot1ptm.fd
File: ot1ptm.fd 2001/06/04 font definitions for OT1/ptm.
)
(/usr/share/texlive/texmf-dist/tex/context/base/supp-pdf.mkii
[Loading MPS to PDF converter (version 2006.09.02).]
\scratchcounter=\count165
\scratchdimen=\dimen181
\scratchbox=\box53
\nofMPsegments=\count166
\nofMParguments=\count167
\everyMPshowfont=\toks25
\MPscratchCnt=\count168
\MPscratchDim=\dimen182
\MPnumerator=\count169
\makeMPintoPDFobject=\count170
\everyMPtoPDFconversion=\toks26
) (/usr/share/texlive/texmf-dist/tex/latex/oberdiek/epstopdf-base.sty
Package: epstopdf-base 2010/02/09 v2.5 Base part for package epstopdf

(/usr/share/texlive/texmf-dist/tex/latex/oberdiek/grfext.sty
Package: grfext 2010/08/19 v1.1 Manage graphics extensions (HO)
)
Package grfext Info: Graphics extension search list:
(grfext)             [.png,.pdf,.jpg,.mps,.jpeg,.jbig2,.jb2,.PNG,.PDF,.JPG,.JPE
G,.JBIG2,.JB2,.eps]
(grfext)             \AppendGraphicsExtensions on input line 452.

(/usr/share/texlive/texmf-dist/tex/latex/latexconfig/epstopdf-sys.cfg
File: epstopdf-sys.cfg 2010/07/13 v1.3 Configuration of (r)epstopdf for TeX Liv
e
))
\c@lstlisting=\count171
\AtBeginShipoutBox=\box54
Package hyperref Info: Link coloring ON on input line 111.

(/usr/share/texlive/texmf-dist/tex/latex/hyperref/nameref.sty
Package: nameref 2012/10/27 v2.43 Cross-referencing by name of section

(/usr/share/texlive/texmf-dist/tex/generic/oberdiek/gettitlestring.sty
Package: gettitlestring 2010/12/03 v1.4 Cleanup title references (HO)
)
\c@section@level=\count172
)
LaTeX Info: Redefining \ref on input line 111.
LaTeX Info: Redefining \pageref on input line 111.
LaTeX Info: Redefining \nameref on input line 111.

(./ARTICLE_ASME_V4.out) (./ARTICLE_ASME_V4.out)
\@outlinefile=\write4
\openout4 = `ARTICLE_ASME_V4.out'.

LaTeX Font Info:    Try loading font information for OT1+ptmcm on input line 11
5.

(/usr/share/texlive/texmf-dist/tex/latex/psnfss/ot1ptmcm.fd
File: ot1ptmcm.fd 2000/01/03 Fontinst v1.801 font definitions for OT1/ptmcm.
)
LaTeX Font Info:    Try loading font information for OML+ptmcm on input line 11
5.

(/usr/share/texlive/texmf-dist/tex/latex/psnfss/omlptmcm.fd
File: omlptmcm.fd 2000/01/03 Fontinst v1.801 font definitions for OML/ptmcm.
)
LaTeX Font Info:    Try loading font information for OMS+pzccm on input line 11
5.

(/usr/share/texlive/texmf-dist/tex/latex/psnfss/omspzccm.fd
File: omspzccm.fd 2000/01/03 Fontinst v1.801 font definitions for OMS/pzccm.
)
LaTeX Font Info:    Try loading font information for OMX+psycm on input line 11
5.

(/usr/share/texlive/texmf-dist/tex/latex/psnfss/omxpsycm.fd
File: omxpsycm.fd 2000/01/03 Fontinst v1.801 font definitions for OMX/psycm.
)
LaTeX Font Info:    Font shape `OT1/ptm/bx/n' in size <10> not available
(Font)              Font shape `OT1/ptm/b/n' tried instead on input line 115.
LaTeX Font Info:    Font shape `OT1/ptm/bx/n' in size <7.4> not available
(Font)              Font shape `OT1/ptm/b/n' tried instead on input line 115.
LaTeX Font Info:    Font shape `OT1/ptm/bx/n' in size <6> not available
(Font)              Font shape `OT1/ptm/b/n' tried instead on input line 115.
LaTeX Font Info:    Try loading font information for U+msa on input line 115.

(/usr/share/texlive/texmf-dist/tex/latex/amsfonts/umsa.fd
File: umsa.fd 2013/01/14 v3.01 AMS symbols A
)
LaTeX Font Info:    Try loading font information for U+msb on input line 115.

(/usr/share/texlive/texmf-dist/tex/latex/amsfonts/umsb.fd
File: umsb.fd 2013/01/14 v3.01 AMS symbols B
)
Underfull \hbox (badness 10000) detected at line 115
[]
 []

Missing character: There is no Ã in font phvr7t!
Missing character: There is no © in font phvr7t!
Missing character: There is no Ã in font phvr7t!
Missing character: There is no   in font phvr7t!

Overfull \hbox (39.74762pt too wide) in paragraph at lines 115--115
 [] 
 []


Underfull \hbox (badness 1337) in paragraph at lines 117--131
\OT1/ptm/m/it/10 de-vel-op-ments. Re-gard-ing nu-mer-i-cal im-ple-men-ta-tion, 
a
 []


Underfull \hbox (badness 2460) in paragraph at lines 117--131
\OT1/ptm/m/it/10 a sim-pli-fi-ca-tion of the re-cent non-lin-ear self-consisten
t
 []


Underfull \hbox (badness 3884) in paragraph at lines 117--131
\OT1/ptm/m/it/10 ap-proach pro-posed by Manti[]c-Lugo et al [[][]1[][]]. An
 []


Underfull \hbox (badness 10000) in paragraph at lines 117--131
\OT1/ptm/m/it/10 open-source soft-ware im-ple-ment-ing all the con-cepts
 []

\openout3 = `ARTICLE_ASME_V4-1.cpt'.

LaTeX Font Info:    Font shape `OT1/ptm/bx/n' in size <8> not available
(Font)              Font shape `OT1/ptm/b/n' tried instead on input line 171.
LaTeX Font Info:    Font shape `OT1/ptm/bx/n' in size <5> not available
(Font)              Font shape `OT1/ptm/b/n' tried instead on input line 171.
(./ARTICLE_ASME_V4-1.cpt
LaTeX Font Info:    Try loading font information for OT1+pcr on input line 2.

(/usr/share/texlive/texmf-dist/tex/latex/psnfss/ot1pcr.fd
File: ot1pcr.fd 2001/06/04 font definitions for OT1/pcr.
))
Underfull \hbox (badness 10000) in paragraph at lines 170--174
\OT1/ptm/m/n/10 soft-ware called ``StabFem"[][][][][] to per-form such
 []


Overfull \vbox (14.52364pt too high) has occurred while \output is active []


[1{/var/lib/texmf/fonts/map/pdftex/updmap/pdftex.map}


]
LaTeX Font Info:    Try loading font information for OMS+ptm on input line 180.


(/usr/share/texlive/texmf-dist/tex/latex/psnfss/omsptm.fd
File: omsptm.fd 
)
LaTeX Font Info:    Font shape `OMS/ptm/m/n' in size <10> not available
(Font)              Font shape `OMS/cmsy/m/n' tried instead on input line 180.

Underfull \hbox (badness 1681) in paragraph at lines 178--181
\OT1/ptm/m/n/10 method, our ex-po-si-tion and im-ple-men-ta-tion con-tains a
 []


Underfull \hbox (badness 1067) in paragraph at lines 178--181
\OT1/ptm/m/n/10 are the sys-tem-atic use of mesh adap-ta-tion (\OMS/cmsy/m/n/10
 x\OT1/ptm/m/n/10 2 and 3),
 []


Underfull \hbox (badness 1648) in paragraph at lines 178--181
\OT1/ptm/m/n/10 the use of sim-ple shift-invert in-stead of Arnoldi (\OMS/cmsy/
m/n/10 x\OT1/ptm/m/n/10 3),
 []


Underfull \hbox (badness 6284) in paragraph at lines 226--230
 []\OT1/ptm/b/n/10 Newton it-er-a-tion[] \OT1/ptm/m/n/10 We look for a steady b
ase-flow
 []

[2]
Underfull \hbox (badness 1635) in paragraph at lines 296--299
\OT1/ptm/m/n/10 prob-lems such as re-cep-tiv-ity, tran-sient growth, con-trol
 []


Underfull \hbox (badness 1348) in paragraph at lines 296--299
\OT1/ptm/m/n/10 is as fol-lows : it cor-re-sponds to the ini-tial con-di-tion
 []

(./Script_Cylinder_Part1.m
LaTeX Font Info:    Font shape `OT1/ptm/bx/n' in size <9> not available
(Font)              Font shape `OT1/ptm/b/n' tried instead on input line 17.
LaTeX Font Info:    Font shape `OT1/ptm/bx/n' in size <7> not available
(Font)              Font shape `OT1/ptm/b/n' tried instead on input line 17.
LaTeX Font Info:    Font shape `OMS/ptm/m/n' in size <9> not available
(Font)              Font shape `OMS/cmsy/m/n' tried instead on input line 29.
)
<./FIGURES/Cylinder_BaseFlowRe60.png, id=144, 562.2606pt x 314.6154pt>
File: ./FIGURES/Cylinder_BaseFlowRe60.png Graphic file (type png)

<use ./FIGURES/Cylinder_BaseFlowRe60.png>
Package pdftex.def Info: ./FIGURES/Cylinder_BaseFlowRe60.png used on input line
 347.
(pdftex.def)             Requested size: 217.24239pt x 121.55695pt.

<./FIGURES/Cylinder_Lx_baseflow.png, id=145, 562.2606pt x 314.6154pt>
File: ./FIGURES/Cylinder_Lx_baseflow.png Graphic file (type png)

<use ./FIGURES/Cylinder_Lx_baseflow.png>
Package pdftex.def Info: ./FIGURES/Cylinder_Lx_baseflow.png used on input line 
354.
(pdftex.def)             Requested size: 217.24239pt x 121.55695pt.

<./FIGURES/Cylinder_Drag_baseflow.png, id=146, 562.2606pt x 315.0972pt>
File: ./FIGURES/Cylinder_Drag_baseflow.png Graphic file (type png)

<use ./FIGURES/Cylinder_Drag_baseflow.png>
Package pdftex.def Info: ./FIGURES/Cylinder_Drag_baseflow.png used on input lin
e 355.
(pdftex.def)             Requested size: 217.24239pt x 121.7431pt.

Underfull \hbox (badness 10000) in paragraph at lines 354--356
[][]
 []

[3]
Underfull \hbox (badness 1472) in paragraph at lines 369--372
\OT1/ptm/m/n/10 adap-ta-tion method. The im-ple-men-ta-tion re-lies on the
 []


Underfull \vbox (badness 1354) has occurred while \output is active []


Underfull \hbox (badness 1189) in paragraph at lines 373--375
\OT1/ptm/m/n/10 ap-prox-i-ma-tion of the so-lu-tion. The pro-ce-dure can be
 []


Underfull \vbox (badness 1742) has occurred while \output is active []

 [4 <./FIGURES/Cylinder_BaseFlowRe60.png (PNG copy)>]
Underfull \hbox (badness 10000) in paragraph at lines 390--397
 []\OT1/ptm/b/n/10 Problem de-scrip-tion[] \OT1/ptm/m/n/10 Here, we con-sider t
he
 []


Underfull \hbox (badness 6792) in paragraph at lines 390--397
\OT1/ptm/m/n/10 two-dimensional flow of an in-com-press-ible fluid of
 []


Underfull \hbox (badness 1810) in paragraph at lines 390--397
\OT1/ptm/m/n/10 and length scales used for the def-i-ni-tion of Reynolds
 []


Underfull \hbox (badness 2818) in paragraph at lines 420--424
 []\OT1/ptm/b/n/10 Mesh adap-ta-tion pro-ce-dure[] \OT1/ptm/m/n/10 Let's con-si
der now the
 []

[5 <./FIGURES/Cylinder_Lx_baseflow.png (PNG copy)> <./FIGURES/Cylinder_Drag_bas
eflow.png (PNG copy)>]
<./FIGURES/Cylinder_Sigma_Re.png, id=223, 562.2606pt x 314.6154pt>
File: ./FIGURES/Cylinder_Sigma_Re.png Graphic file (type png)

<use ./FIGURES/Cylinder_Sigma_Re.png>
Package pdftex.def Info: ./FIGURES/Cylinder_Sigma_Re.png used on input line 458
.
(pdftex.def)             Requested size: 217.24239pt x 121.55695pt.

<./FIGURES/Cylinder_Strouhal_Re.png, id=224, 562.2606pt x 314.6154pt>
File: ./FIGURES/Cylinder_Strouhal_Re.png Graphic file (type png)

<use ./FIGURES/Cylinder_Strouhal_Re.png>
Package pdftex.def Info: ./FIGURES/Cylinder_Strouhal_Re.png used on input line 
459.
(pdftex.def)             Requested size: 217.24239pt x 121.55695pt.

Underfull \hbox (badness 10000) in paragraph at lines 458--460
[][]
 []

<./FIGURES/Cylinder_EigenModeRe60_AdaptD.png, id=225, 578.16pt x 433.62pt>
File: ./FIGURES/Cylinder_EigenModeRe60_AdaptD.png Graphic file (type png)

<use ./FIGURES/Cylinder_EigenModeRe60_AdaptD.png>
Package pdftex.def Info: ./FIGURES/Cylinder_EigenModeRe60_AdaptD.png used on in
put line 466.
(pdftex.def)             Requested size: 217.24239pt x 162.9313pt.

<./FIGURES/Cylinder_EigenModeAdjRe60.png, id=226, 562.2606pt x 314.6154pt>
File: ./FIGURES/Cylinder_EigenModeAdjRe60.png Graphic file (type png)

<use ./FIGURES/Cylinder_EigenModeAdjRe60.png>
Package pdftex.def Info: ./FIGURES/Cylinder_EigenModeAdjRe60.png used on input 
line 469.
(pdftex.def)             Requested size: 217.24239pt x 121.55695pt.

<./FIGURES/Cylinder_SensitivityRe60.png, id=227, 562.2606pt x 314.6154pt>
File: ./FIGURES/Cylinder_SensitivityRe60.png Graphic file (type png)

<use ./FIGURES/Cylinder_SensitivityRe60.png>
Package pdftex.def Info: ./FIGURES/Cylinder_SensitivityRe60.png used on input l
ine 471.
(pdftex.def)             Requested size: 217.24239pt x 121.55695pt.

Underfull \hbox (badness 10000) in paragraph at lines 466--473
[][]
 []


Underfull \hbox (badness 10000) in paragraph at lines 466--473
[]
 []

[6 <./FIGURES/Cylinder_Sigma_Re.png (PNG copy)> <./FIGURES/Cylinder_Strouhal_Re
.png (PNG copy)> <./FIGURES/Cylinder_EigenModeRe60_AdaptD.png (PNG copy)> <./FI
GURES/Cylinder_EigenModeAdjRe60.png (PNG copy)> <./FIGURES/Cylinder_Sensitivity
Re60.png (PNG copy)>]
Underfull \hbox (badness 3872) in paragraph at lines 582--583
\OT1/ptm/m/n/10 write the Navier-Stokes equa-tions, as $\OML/ptmcm/m/it/10 @[]\
OT1/ptm/b/n/10 u \OT1/ptmcm/m/n/10 = [](\OT1/ptm/b/n/10 u\OT1/ptmcm/m/n/10 )$\O
T1/ptm/m/n/10 ,
 []


Underfull \hbox (badness 10000) in paragraph at lines 582--583
\OT1/ptm/m/n/10 there-fore drop-ping the sys-tem-atic ref-er-ence to the
 []

(./Script_Cylinder_Part2.m)
Underfull \hbox (badness 10000) in paragraph at lines 613--613
[]\OT1/phv/m/n/8 Fig. 6. []Illustration of the pro-ce-dure for non-lin-ear cal-
cu-la-tions us-ing StabFem (ex-tract from script
 []


Underfull \hbox (badness 2856) in paragraph at lines 619--624
 []\OT1/ptm/b/n/10 WNL model: anal-y-sis[] \OT1/ptm/m/n/10 We first re-view the
 weakly
 []


Underfull \hbox (badness 2735) in paragraph at lines 634--636
\OT1/ptm/m/n/10 in terms of the small pa-ram-e-ter $\OML/ptmcm/m/it/10 ^^O \OT1
/ptmcm/m/n/10 = []$
 []


Underfull \hbox (badness 1205) in paragraph at lines 645--647
\OT1/ptm/m/n/10 to en-sure that the prob-lem is cor-rectly posed. These
 []

[7]
Underfull \hbox (badness 3138) in paragraph at lines 675--683
[]\OT1/ptm/m/n/10 Finally, as spec-i-fied above, we ex-plain how the
 []


Underfull \hbox (badness 1097) in paragraph at lines 675--683
\OT1/ptm/m/n/10 of the os-cil-lat-ing lift can be pre-dicted from the WNL
 []


Underfull \hbox (badness 1009) in paragraph at lines 675--683
\OT1/ptm/m/n/10 ap-proach. The mean drag can be ob-tained by $\OML/ptmcm/m/it/1
0 F[] \OT1/ptmcm/m/n/10 =
 []


Underfull \hbox (badness 1132) in paragraph at lines 675--683
\OMS/pzccm/m/n/10 D[]\OT1/ptmcm/m/n/10 (\OT1/ptm/b/n/10 u[]\OML/ptmcm/m/it/10 ;
 p[]\OT1/ptmcm/m/n/10 )$\OT1/ptm/m/n/10 , where $\OMS/pzccm/m/n/10 D$ \OT1/ptm/
m/n/10 is the drag op-er-a-tor de-fined in
 []


Underfull \hbox (badness 2376) in paragraph at lines 675--683
\OT1/ptmcm/m/n/10 [\OT1/ptm/b/n/10 u[]\OML/ptmcm/m/it/10 ; p[]\OT1/ptmcm/m/n/10
 ] + \OML/ptmcm/m/it/10 ^^O[] [] :$ \OT1/ptm/m/n/10 De-vel-op-ing the
 []


Underfull \hbox (badness 10000) in paragraph at lines 738--752
 []\OT1/ptm/b/n/10 WNL model : im-ple-men-ta-tion and re-sults for
 []


Underfull \hbox (badness 10000) in paragraph at lines 738--752
\OT1/ptm/b/n/10 the cylin-der[] \OT1/ptm/m/n/10 Lines 1-8 of the script shown i
n
 []


Underfull \hbox (badness 10000) in paragraph at lines 738--752
\OT1/ptm/m/n/10 fig-ure [][]4.3[][], which is ex-tracted from the script
 []


Underfull \hbox (badness 10000) in paragraph at lines 738--752
[]\OT1/pcr/m/n/10 SCRIPT_CYLINDER_ALLFIGURES.m\OT1/ptm/m/n/10 , il-lus-trate th
e
 []

<./FIGURES/Cylinder_Strouhal_Re_HB.png, id=278, 562.2606pt x 314.6154pt>
File: ./FIGURES/Cylinder_Strouhal_Re_HB.png Graphic file (type png)

<use ./FIGURES/Cylinder_Strouhal_Re_HB.png>
Package pdftex.def Info: ./FIGURES/Cylinder_Strouhal_Re_HB.png used on input li
ne 765.
(pdftex.def)             Requested size: 217.24239pt x 121.55695pt.

<./FIGURES/Cylinder_Cx_Re_HB.png, id=279, 562.2606pt x 314.6154pt>
File: ./FIGURES/Cylinder_Cx_Re_HB.png Graphic file (type png)

<use ./FIGURES/Cylinder_Cx_Re_HB.png>
Package pdftex.def Info: ./FIGURES/Cylinder_Cx_Re_HB.png used on input line 766
.
(pdftex.def)             Requested size: 217.24239pt x 121.55695pt.

<./FIGURES/Cylinder_Cy_Re_SC.png, id=280, 562.2606pt x 314.6154pt>
File: ./FIGURES/Cylinder_Cy_Re_SC.png Graphic file (type png)

<use ./FIGURES/Cylinder_Cy_Re_SC.png>
Package pdftex.def Info: ./FIGURES/Cylinder_Cy_Re_SC.png used on input line 767
.
(pdftex.def)             Requested size: 217.24239pt x 121.55695pt.

<./FIGURES/Cylinder_Energy_Re_SC.png, id=281, 562.2606pt x 314.6154pt>
File: ./FIGURES/Cylinder_Energy_Re_SC.png Graphic file (type png)

<use ./FIGURES/Cylinder_Energy_Re_SC.png>
Package pdftex.def Info: ./FIGURES/Cylinder_Energy_Re_SC.png used on input line
 768.
(pdftex.def)             Requested size: 217.24239pt x 121.55695pt.

<./FIGURES/Cylinder_Lx_Re_HB.png, id=282, 562.2606pt x 314.6154pt>
File: ./FIGURES/Cylinder_Lx_Re_HB.png Graphic file (type png)

<use ./FIGURES/Cylinder_Lx_Re_HB.png>
Package pdftex.def Info: ./FIGURES/Cylinder_Lx_Re_HB.png used on input line 769
.
(pdftex.def)             Requested size: 217.24239pt x 121.55695pt.

Underfull \hbox (badness 1264) in paragraph at lines 773--773
\OT1/phv/m/n/8 the har-monic bal-ance data (HB), and base-flow/-lin-ear re-sult
s :
 []


Underfull \hbox (badness 2512) in paragraph at lines 792--795
 []\OT1/ptm/b/n/10 SC model : anal-y-sis [] \OT1/ptm/m/n/10 We now briefly re-v
iew the
 []


Underfull \hbox (badness 1275) in paragraph at lines 792--795
\OT1/ptm/m/n/10 [[][]1[][]]. In its orig-i-nal ex-po-si-tion, the au-thors adop
ted a
 []


Overfull \vbox (16.18481pt too high) has occurred while \output is active []


[8]
Overfull \hbox (1.57361pt too wide) detected at line 870
\OT1/ptmcm/m/n/10 [\OT1/ptm/b/n/10 u[]\OML/ptmcm/m/it/10 ; \OT1/ptm/b/n/10 u[]\
OML/ptmcm/m/it/10 ; \OT1/ptm/b/n/10 u[]\OML/ptmcm/m/it/10 ; !\OT1/ptmcm/m/n/10 
] = [\OT1/ptm/b/n/10 u[]\OML/ptmcm/m/it/10 ; \OT1/ptm/b/n/10 u[]\OML/ptmcm/m/it
/10 ; \OT1/ptm/b/n/10 u[]\OML/ptmcm/m/it/10 ; ![]\OT1/ptmcm/m/n/10 ] + [\OML/pt
mcm/m/it/10 ^^N\OT1/ptm/b/n/10 u[]\OML/ptmcm/m/it/10 ; ^^N\OT1/ptm/b/n/10 u[]\O
ML/ptmcm/m/it/10 ; ^^N\OT1/ptm/b/n/10 u[]\OML/ptmcm/m/it/10 ; ^^N!\OT1/ptmcm/m/
n/10 ]\OML/ptmcm/m/it/10 :
 []

[9 <./FIGURES/Cylinder_Strouhal_Re_HB.png (PNG copy)> <./FIGURES/Cylinder_Cx_Re
_HB.png (PNG copy)> <./FIGURES/Cylinder_Cy_Re_SC.png (PNG copy)> <./FIGURES/Cyl
inder_Energy_Re_SC.png (PNG copy)> <./FIGURES/Cylinder_Lx_Re_HB.png (PNG copy)>
] <./FIGURES/Cylinder_MeanFlowRe60.png, id=336, 562.2606pt x 314.6154pt>
File: ./FIGURES/Cylinder_MeanFlowRe60.png Graphic file (type png)

<use ./FIGURES/Cylinder_MeanFlowRe60.png>
Package pdftex.def Info: ./FIGURES/Cylinder_MeanFlowRe60.png used on input line
 927.
(pdftex.def)             Requested size: 217.24239pt x 121.55695pt.

Underfull \hbox (badness 3954) in paragraph at lines 945--945
[][]\OT1/ptm/m/n/8 4.3[][]. The other fig-ures are pro-cessed in a sim-i-lar wa
y. The
 []


Underfull \hbox (badness 1014) in paragraph at lines 944--947
[]\OT1/ptm/m/n/10 Figure [][]7[][] shows the com-par-i-son be-tween the WNL
 []


Underfull \hbox (badness 1152) in paragraph at lines 944--947
\OT1/ptm/m/n/10 ap-proach are also dis-played (blue) [][][][][]. Con-cern-ing t
he
 []


Underfull \hbox (badness 1009) in paragraph at lines 944--947
\OT1/ptm/m/n/10 mod-els have al-ready been com-mented in [[][]1[][]] and [[][]1
2[][]].
 []


LaTeX Warning: Citation `Navrose' on page 10 undefined on input line 963.


LaTeX Warning: Citation `Tchoufag16' on page 10 undefined on input line 964.


LaTeX Warning: Citation `FabreASME' on page 10 undefined on input line 964.


LaTeX Warning: Citation `Fani18' on page 10 undefined on input line 965.


LaTeX Warning: Citation `Chireux' on page 10 undefined on input line 966.


Overfull \vbox (11.69194pt too high) has occurred while \output is active []


[10 <./FIGURES/Cylinder_MeanFlowRe60.png (PNG copy)>]
Underfull \hbox (badness 3333) in paragraph at lines 1007--1011
\OT1/ptm/m/n/10 stress terms of the Navier-Stokes equa-tion even-tu-ally
 []


Underfull \hbox (badness 10000) in paragraph at lines 1048--1048
[]\OT1/ptm/b/n/10 Derivation of the am-pli-tude equa-tion us-ing
 []


Underfull \hbox (badness 10000) in paragraph at lines 1072--1073
[]\OT1/ptm/m/n/10 Finally, com-pat-i-bil-ity con-di-tions, given by the
 []


LaTeX Warning: Citation `Fabre2012' on page 11 undefined on input line 1110.

[11]
Underfull \hbox (badness 1571) in paragraph at lines 1119--1123
[]\OT1/ptm/m/n/10 In our im-ple-men-ta-tion of the WNL ap-proach, we
 []


LaTeX Font Warning: Command \small invalid in math mode on input line 1132.


Overfull \hbox (19.42029pt too wide) detected at line 1149
[]
 []


LaTeX Warning: `!h' float specifier changed to `!ht'.

<./FIGURES/Cylinder_Mesh2_Full.png, id=378, 578.16pt x 433.62pt>
File: ./FIGURES/Cylinder_Mesh2_Full.png Graphic file (type png)

<use ./FIGURES/Cylinder_Mesh2_Full.png>
Package pdftex.def Info: ./FIGURES/Cylinder_Mesh2_Full.png used on input line 1
166.
(pdftex.def)             Requested size: 217.24239pt x 162.9313pt.

<./FIGURES/Cylinder_Mesh2.png, id=379, 578.16pt x 433.62pt>
File: ./FIGURES/Cylinder_Mesh2.png Graphic file (type png)

<use ./FIGURES/Cylinder_Mesh2.png>
Package pdftex.def Info: ./FIGURES/Cylinder_Mesh2.png used on input line 1168.
(pdftex.def)             Requested size: 217.24239pt x 162.9313pt.

Underfull \hbox (badness 10000) in paragraph at lines 1166--1169
[][] 
 []

<./FIGURES/Cylinder_Mesh4_Full.png, id=380, 578.16pt x 433.62pt>
File: ./FIGURES/Cylinder_Mesh4_Full.png Graphic file (type png)

<use ./FIGURES/Cylinder_Mesh4_Full.png>
Package pdftex.def Info: ./FIGURES/Cylinder_Mesh4_Full.png used on input line 1
175.
(pdftex.def)             Requested size: 217.24239pt x 162.9313pt.

<./FIGURES/Cylinder_Mesh4.png, id=381, 578.16pt x 433.62pt>
File: ./FIGURES/Cylinder_Mesh4.png Graphic file (type png)

<use ./FIGURES/Cylinder_Mesh4.png>
Package pdftex.def Info: ./FIGURES/Cylinder_Mesh4.png used on input line 1177.
(pdftex.def)             Requested size: 217.24239pt x 162.9313pt.

Underfull \hbox (badness 10000) in paragraph at lines 1175--1178
[][] 
 []


Underfull \vbox (badness 1152) has occurred while \output is active []



LaTeX Warning: Citation `ManticLugo14' on page 12 undefined on input line 1189.



Underfull \hbox (badness 1817) in paragraph at lines 1200--1204
\OT1/ptm/m/n/10 the eigen-value prob-lem ([][]48b[][]). [?] Ini-tially pro-pose
d a
 []


LaTeX Warning: Reference `eq:sc1' on page 12 undefined on input line 1215.

[12 <./FIGURES/Cylinder_Mesh2_Full.png (PNG copy)> <./FIGURES/Cylinder_Mesh2.pn
g (PNG copy)> <./FIGURES/Cylinder_Mesh4_Full.png (PNG copy)> <./FIGURES/Cylinde
r_Mesh4.png (PNG copy)>]
Underfull \hbox (badness 4156) in paragraph at lines 1263--1263
[]\OT1/phv/m/n/8 Table 3. []Results for mesh adap-ta-tion strat-egy ($\OML/ptmc
m/m/it/10 Re \OT1/ptmcm/m/n/10 = 60$\OT1/phv/m/n/8 ) : Base-flow char-ac-ter-is
-tics $\OML/ptmcm/m/it/10 L[]$ \OT1/phv/m/n/8 and $\OML/ptmcm/m/it/10 F[]$\OT1/
phv/m/n/8 , lin-ear eigen-value $\OML/ptmcm/m/it/10 ^^U$\OT1/phv/m/n/8 ,
 []


Underfull \hbox (badness 1199) in paragraph at lines 1289--1292
\OT1/ptm/m/n/10 us-ing the fol-low-ing pro-gram avail-able on the StabFem
 []


Underfull \hbox (badness 1122) in paragraph at lines 1307--1309
\OT1/ptm/m/n/10 wall); $\OT1/ptmcm/m/n/10 (\OML/ptmcm/m/it/10 x[]; y[]\OT1/ptmc
m/m/n/10 ) = (2\OML/ptmcm/m/it/10 :\OT1/ptmcm/m/n/10 5\OML/ptmcm/m/it/10 ; \OT1
/ptmcm/m/n/10 0\OML/ptmcm/m/it/10 :\OT1/ptmcm/m/n/10 5)$ \OT1/ptm/m/n/10 (in th
e re-gion of max-i-mum
 []


Underfull \hbox (badness 1824) in paragraph at lines 1310--1312
\OT1/ptm/m/n/10 meshes. For base-flow char-ac-ter-is-tics $\OML/ptmcm/m/it/10 L
[]$ \OT1/ptm/m/n/10 and $\OML/ptmcm/m/it/10 F[]$\OT1/ptm/m/n/10 , all
 []

[13] (./ARTICLE_ASME_V4.bbl
Underfull \vbox (badness 10000) has occurred while \output is active []


Underfull \hbox (badness 1442) in paragraph at lines 10--13
[]\OT1/ptm/m/n/10 Drazin, P., and Reid, W., 2004.  \OT1/ptm/m/it/10 Hy-dro-dy-n
amic
 []


Underfull \hbox (badness 1052) in paragraph at lines 15--19
[]\OT1/ptm/m/n/10 Giannetti, F., and Lu-chini, P., 2007.  ``Struc-tural
 []


Underfull \hbox (badness 2961) in paragraph at lines 21--24
[]\OT1/ptm/m/n/10 Marquet, O., Sipp, D., and Jacquin, L., 2008.
 []


Underfull \vbox (badness 10000) has occurred while \output is active []

 [14]
Underfull \hbox (badness 1112) in paragraph at lines 53--57
\OT1/ptm/m/n/10 it-er-a-tions in the so-lu-tion of the ma-trix eigen-value
 []


Underfull \hbox (badness 1117) in paragraph at lines 64--69
[]\OT1/ptm/m/n/10 Gallaire, F., Boujo, E., Mantic-Lugo, V., Ar-ra-tia,
 []


Underfull \hbox (badness 1314) in paragraph at lines 64--69
\OT1/ptm/m/n/10 C., Thiria, B., and Meliga, P., 2016.  ``Push-ing
 []

)
Package atveryend Info: Empty hook `BeforeClearDocument' on input line 1347.
 [15

]
Package atveryend Info: Empty hook `AfterLastShipout' on input line 1347.
 (./ARTICLE_ASME_V4.aux)
Package atveryend Info: Executing hook `AtVeryEndDocument' on input line 1347.
Package atveryend Info: Executing hook `AtEndAfterFileList' on input line 1347.

Package rerunfilecheck Info: File `ARTICLE_ASME_V4.out' has not changed.
(rerunfilecheck)             Checksum: 7CDA752DD238D2CBF42A26B12850E6EF;1538.


LaTeX Warning: There were undefined references.


LaTeX Warning: There were multiply-defined labels.

Package atveryend Info: Empty hook `AtVeryVeryEnd' on input line 1347.
 ) 
Here is how much of TeX's memory you used:
 16172 strings out of 493029
 268040 string characters out of 6136234
 494117 words of memory out of 5000000
 19295 multiletter control sequences out of 15000+600000
 68750 words of font info for 143 fonts, out of 8000000 for 9000
 1141 hyphenation exceptions out of 8191
 36i,15n,40p,10366b,1726s stack positions out of 5000i,500n,10000p,200000b,80000s
{/usr/share/texlive/texmf-dist/fonts/enc/dvips/base/8r.enc}</usr/share/texliv
e/texmf-dist/fonts/type1/public/amsfonts/cm/cmex10.pfb></usr/share/texlive/texm
f-dist/fonts/type1/public/amsfonts/cmextra/cmex9.pfb></usr/share/texlive/texmf-
dist/fonts/type1/public/amsfonts/cm/cmmi10.pfb></usr/share/texlive/texmf-dist/f
onts/type1/public/amsfonts/cm/cmr10.pfb></usr/share/texlive/texmf-dist/fonts/ty
pe1/public/amsfonts/cm/cmss10.pfb></usr/share/texlive/texmf-dist/fonts/type1/pu
blic/amsfonts/cm/cmsy10.pfb></usr/share/texlive/texmf-dist/fonts/type1/public/a
msfonts/cm/cmsy9.pfb></usr/share/texlive/texmf-dist/fonts/type1/public/amsfonts
/symbols/msam10.pfb></usr/share/texlive/texmf-dist/fonts/type1/urw/courier/ucrr
8a.pfb></usr/share/texlive/texmf-dist/fonts/type1/urw/helvetic/uhvb8a.pfb></usr
/share/texlive/texmf-dist/fonts/type1/urw/helvetic/uhvr8a.pfb></usr/share/texli
ve/texmf-dist/fonts/type1/urw/symbol/usyr.pfb></usr/share/texlive/texmf-dist/fo
nts/type1/urw/times/utmb8a.pfb></usr/share/texlive/texmf-dist/fonts/type1/urw/t
imes/utmr8a.pfb></usr/share/texlive/texmf-dist/fonts/type1/urw/times/utmri8a.pf
b></usr/share/texlive/texmf-dist/fonts/type1/urw/zapfchan/uzcmi8a.pfb>
Output written on ARTICLE_ASME_V4.pdf (15 pages, 1194261 bytes).
PDF statistics:
 513 PDF objects out of 1000 (max. 8388607)
 457 compressed objects within 5 object streams
 181 named destinations out of 1000 (max. 500000)
 243 words of extra memory for PDF output out of 10000 (max. 10000000)

