This is pdfTeX, Version 3.14159265-2.6-1.40.16 (TeX Live 2015/Debian) (preloaded format=pdflatex 2017.8.23)  1 JUN 2018 12:32
entering extended mode
 restricted \write18 enabled.
 %&-line parsing enabled.
**ARTICLE_ASME_V2.tex
(./ARTICLE_ASME_V2.tex
LaTeX2e <2016/02/01>
Babel <3.9q> and hyphenation patterns for 81 language(s) loaded.
(./asme2ej.cls

LaTeX Warning: You have requested document class `asme2ej',
               but the document class provides `asme2e'.

Document Class: asme2e 2001/2/14 v2.0 Standard LaTeX document class
(/usr/share/texlive/texmf-dist/tex/latex/base/ifthen.sty
Package: ifthen 2014/09/29 v1.1c Standard LaTeX ifthen package (DPC)
)
(/usr/share/texlive/texmf-dist/tex/latex/psnfss/times.sty
Package: times 2005/04/12 PSNFSS-v9.2a (SPQR) 
)
(/usr/share/texlive/texmf-dist/tex/latex/psnfss/mathptm.sty
Package: mathptm 2005/04/12 PSNFSS-v9.2a Times w/ Math (SPQR, WaS) 


Package mathptm Warning: This package is to be regarded as obsolete.
(mathptm)                See the PSNFSS documentation.

LaTeX Font Info:    Redeclaring symbol font `operators' on input line 31.
LaTeX Font Info:    Overwriting symbol font `operators' in version `normal'
(Font)                  OT1/cmr/m/n --> OT1/ptmcm/m/n on input line 31.
LaTeX Font Info:    Overwriting symbol font `operators' in version `bold'
(Font)                  OT1/cmr/bx/n --> OT1/ptmcm/m/n on input line 31.
LaTeX Font Info:    Redeclaring symbol font `letters' on input line 32.
LaTeX Font Info:    Overwriting symbol font `letters' in version `normal'
(Font)                  OML/cmm/m/it --> OML/ptmcm/m/it on input line 32.
LaTeX Font Info:    Overwriting symbol font `letters' in version `bold'
(Font)                  OML/cmm/b/it --> OML/ptmcm/m/it on input line 32.
LaTeX Font Info:    Redeclaring symbol font `symbols' on input line 33.
LaTeX Font Info:    Overwriting symbol font `symbols' in version `normal'
(Font)                  OMS/cmsy/m/n --> OMS/pzccm/m/n on input line 33.
LaTeX Font Info:    Overwriting symbol font `symbols' in version `bold'
(Font)                  OMS/cmsy/b/n --> OMS/pzccm/m/n on input line 33.
LaTeX Font Info:    Redeclaring symbol font `largesymbols' on input line 34.
LaTeX Font Info:    Overwriting symbol font `largesymbols' in version `normal'
(Font)                  OMX/cmex/m/n --> OMX/psycm/m/n on input line 34.
LaTeX Font Info:    Overwriting symbol font `largesymbols' in version `bold'
(Font)                  OMX/cmex/m/n --> OMX/psycm/m/n on input line 34.
\symbold=\mathgroup4
\symitalic=\mathgroup5
LaTeX Font Info:    Redeclaring math alphabet \mathbf on input line 37.
LaTeX Font Info:    Overwriting math alphabet `\mathbf' in version `normal'
(Font)                  OT1/cmr/bx/n --> OT1/ptm/bx/n on input line 37.
LaTeX Font Info:    Overwriting math alphabet `\mathbf' in version `bold'
(Font)                  OT1/cmr/bx/n --> OT1/ptm/bx/n on input line 37.
LaTeX Font Info:    Redeclaring math alphabet \mathit on input line 38.
LaTeX Font Info:    Overwriting math alphabet `\mathit' in version `normal'
(Font)                  OT1/cmr/m/it --> OT1/ptm/m/it on input line 38.
LaTeX Font Info:    Overwriting math alphabet `\mathit' in version `bold'
(Font)                  OT1/cmr/bx/it --> OT1/ptm/m/it on input line 38.
) (/usr/share/texlive/texmf-dist/tex/generic/oberdiek/ifpdf.sty
Package: ifpdf 2011/01/30 v2.3 Provides the ifpdf switch (HO)
Package ifpdf Info: pdfTeX in PDF mode is detected.
)
Ten Point
LaTeX Font Info:    Try loading font information for OT1+phv on input line 301.

(/usr/share/texlive/texmf-dist/tex/latex/psnfss/ot1phv.fd
File: ot1phv.fd 2001/06/04 scalable font definitions for OT1/phv.
)
\c@part=\count79
\c@section=\count80
\c@subsection=\count81
\c@subsubsection=\count82
\c@paragraph=\count83
\c@subparagraph=\count84
\tempbox=\box26
\c@figure=\count85
\c@table=\count86
\@authcnt=\count87
\@tmpcnt=\count88
\bibindent=\dimen102
\tempbox=\box27
\minute=\count89
\hour=\count90
)
(/usr/share/texlive/texmf-dist/tex/latex/graphics/epsfig.sty
Package: epsfig 1999/02/16 v1.7a (e)psfig emulation (SPQR)

(/usr/share/texlive/texmf-dist/tex/latex/graphics/graphicx.sty
Package: graphicx 2014/10/28 v1.0g Enhanced LaTeX Graphics (DPC,SPQR)

(/usr/share/texlive/texmf-dist/tex/latex/graphics/keyval.sty
Package: keyval 2014/10/28 v1.15 key=value parser (DPC)
\KV@toks@=\toks14
)
(/usr/share/texlive/texmf-dist/tex/latex/graphics/graphics.sty
Package: graphics 2016/01/03 v1.0q Standard LaTeX Graphics (DPC,SPQR)

(/usr/share/texlive/texmf-dist/tex/latex/graphics/trig.sty
Package: trig 2016/01/03 v1.10 sin cos tan (DPC)
)
(/usr/share/texlive/texmf-dist/tex/latex/latexconfig/graphics.cfg
File: graphics.cfg 2010/04/23 v1.9 graphics configuration of TeX Live
)
Package graphics Info: Driver file: pdftex.def on input line 95.

(/usr/share/texlive/texmf-dist/tex/latex/pdftex-def/pdftex.def
File: pdftex.def 2011/05/27 v0.06d Graphics/color for pdfTeX

(/usr/share/texlive/texmf-dist/tex/generic/oberdiek/infwarerr.sty
Package: infwarerr 2010/04/08 v1.3 Providing info/warning/error messages (HO)
)
(/usr/share/texlive/texmf-dist/tex/generic/oberdiek/ltxcmds.sty
Package: ltxcmds 2011/11/09 v1.22 LaTeX kernel commands for general use (HO)
)
\Gread@gobject=\count91
))
\Gin@req@height=\dimen103
\Gin@req@width=\dimen104
)
\epsfxsize=\dimen105
\epsfysize=\dimen106
)
(/usr/share/texlive/texmf-dist/tex/latex/amsmath/amsmath.sty
Package: amsmath 2016/03/03 v2.15a AMS math features
\@mathmargin=\skip41

For additional information on amsmath, use the `?' option.
(/usr/share/texlive/texmf-dist/tex/latex/amsmath/amstext.sty
Package: amstext 2000/06/29 v2.01 AMS text

(/usr/share/texlive/texmf-dist/tex/latex/amsmath/amsgen.sty
File: amsgen.sty 1999/11/30 v2.0 generic functions
\@emptytoks=\toks15
\ex@=\dimen107
))
(/usr/share/texlive/texmf-dist/tex/latex/amsmath/amsbsy.sty
Package: amsbsy 1999/11/29 v1.2d Bold Symbols
\pmbraise@=\dimen108
)
(/usr/share/texlive/texmf-dist/tex/latex/amsmath/amsopn.sty
Package: amsopn 1999/12/14 v2.01 operator names
)
\inf@bad=\count92
LaTeX Info: Redefining \frac on input line 199.
\uproot@=\count93
\leftroot@=\count94
LaTeX Info: Redefining \overline on input line 297.
\classnum@=\count95
\DOTSCASE@=\count96
LaTeX Info: Redefining \ldots on input line 394.
LaTeX Info: Redefining \dots on input line 397.
LaTeX Info: Redefining \cdots on input line 518.
\Mathstrutbox@=\box28
\strutbox@=\box29
\big@size=\dimen109
LaTeX Font Info:    Redeclaring font encoding OML on input line 630.
LaTeX Font Info:    Redeclaring font encoding OMS on input line 631.
\macc@depth=\count97
\c@MaxMatrixCols=\count98
\dotsspace@=\muskip10
\c@parentequation=\count99
\dspbrk@lvl=\count100
\tag@help=\toks16
\row@=\count101
\column@=\count102
\maxfields@=\count103
\andhelp@=\toks17
\eqnshift@=\dimen110
\alignsep@=\dimen111
\tagshift@=\dimen112
\tagwidth@=\dimen113
\totwidth@=\dimen114
\lineht@=\dimen115
\@envbody=\toks18
\multlinegap=\skip42
\multlinetaggap=\skip43
\mathdisplay@stack=\toks19
LaTeX Info: Redefining \[ on input line 2735.
LaTeX Info: Redefining \] on input line 2736.
)
(/usr/share/texlive/texmf-dist/tex/latex/listings/listings.sty
\lst@mode=\count104
\lst@gtempboxa=\box30
\lst@token=\toks20
\lst@length=\count105
\lst@currlwidth=\dimen116
\lst@column=\count106
\lst@pos=\count107
\lst@lostspace=\dimen117
\lst@width=\dimen118
\lst@newlines=\count108
\lst@lineno=\count109
\abovecaptionskip=\skip44
\belowcaptionskip=\skip45
\lst@maxwidth=\dimen119

(/usr/share/texlive/texmf-dist/tex/latex/listings/lstmisc.sty
File: lstmisc.sty 2015/06/04 1.6 (Carsten Heinz)
\c@lstnumber=\count110
\lst@skipnumbers=\count111
\lst@framebox=\box31
)
(/usr/share/texlive/texmf-dist/tex/latex/listings/listings.cfg
File: listings.cfg 2015/06/04 1.6 listings configuration
))
Package: listings 2015/06/04 1.6 (Carsten Heinz)

(/usr/share/texlive/texmf-dist/tex/latex/hyperref/hyperref.sty
Package: hyperref 2012/11/06 v6.83m Hypertext links for LaTeX

(/usr/share/texlive/texmf-dist/tex/generic/oberdiek/hobsub-hyperref.sty
Package: hobsub-hyperref 2012/05/28 v1.13 Bundle oberdiek, subset hyperref (HO)


(/usr/share/texlive/texmf-dist/tex/generic/oberdiek/hobsub-generic.sty
Package: hobsub-generic 2012/05/28 v1.13 Bundle oberdiek, subset generic (HO)
Package: hobsub 2012/05/28 v1.13 Construct package bundles (HO)
Package hobsub Info: Skipping package `infwarerr' (already loaded).
Package hobsub Info: Skipping package `ltxcmds' (already loaded).
Package: ifluatex 2010/03/01 v1.3 Provides the ifluatex switch (HO)
Package ifluatex Info: LuaTeX not detected.
Package: ifvtex 2010/03/01 v1.5 Detect VTeX and its facilities (HO)
Package ifvtex Info: VTeX not detected.
Package: intcalc 2007/09/27 v1.1 Expandable calculations with integers (HO)
Package hobsub Info: Skipping package `ifpdf' (already loaded).
Package: etexcmds 2011/02/16 v1.5 Avoid name clashes with e-TeX commands (HO)
Package etexcmds Info: Could not find \expanded.
(etexcmds)             That can mean that you are not using pdfTeX 1.50 or
(etexcmds)             that some package has redefined \expanded.
(etexcmds)             In the latter case, load this package earlier.
Package: kvsetkeys 2012/04/25 v1.16 Key value parser (HO)
Package: kvdefinekeys 2011/04/07 v1.3 Define keys (HO)
Package: pdftexcmds 2011/11/29 v0.20 Utility functions of pdfTeX for LuaTeX (HO
)
Package pdftexcmds Info: LuaTeX not detected.
Package pdftexcmds Info: \pdf@primitive is available.
Package pdftexcmds Info: \pdf@ifprimitive is available.
Package pdftexcmds Info: \pdfdraftmode found.
Package: pdfescape 2011/11/25 v1.13 Implements pdfTeX's escape features (HO)
Package: bigintcalc 2012/04/08 v1.3 Expandable calculations on big integers (HO
)
Package: bitset 2011/01/30 v1.1 Handle bit-vector datatype (HO)
Package: uniquecounter 2011/01/30 v1.2 Provide unlimited unique counter (HO)
)
Package hobsub Info: Skipping package `hobsub' (already loaded).
Package: letltxmacro 2010/09/02 v1.4 Let assignment for LaTeX macros (HO)
Package: hopatch 2012/05/28 v1.2 Wrapper for package hooks (HO)
Package: xcolor-patch 2011/01/30 xcolor patch
Package: atveryend 2011/06/30 v1.8 Hooks at the very end of document (HO)
Package atveryend Info: \enddocument detected (standard20110627).
Package: atbegshi 2011/10/05 v1.16 At begin shipout hook (HO)
Package: refcount 2011/10/16 v3.4 Data extraction from label references (HO)
Package: hycolor 2011/01/30 v1.7 Color options for hyperref/bookmark (HO)
)
(/usr/share/texlive/texmf-dist/tex/generic/ifxetex/ifxetex.sty
Package: ifxetex 2010/09/12 v0.6 Provides ifxetex conditional
)
(/usr/share/texlive/texmf-dist/tex/latex/oberdiek/auxhook.sty
Package: auxhook 2011/03/04 v1.3 Hooks for auxiliary files (HO)
)
(/usr/share/texlive/texmf-dist/tex/latex/oberdiek/kvoptions.sty
Package: kvoptions 2011/06/30 v3.11 Key value format for package options (HO)
)
\@linkdim=\dimen120
\Hy@linkcounter=\count112
\Hy@pagecounter=\count113

(/usr/share/texlive/texmf-dist/tex/latex/hyperref/pd1enc.def
File: pd1enc.def 2012/11/06 v6.83m Hyperref: PDFDocEncoding definition (HO)
)
\Hy@SavedSpaceFactor=\count114

(/usr/share/texlive/texmf-dist/tex/latex/latexconfig/hyperref.cfg
File: hyperref.cfg 2002/06/06 v1.2 hyperref configuration of TeXLive
)
Package hyperref Info: Option `colorlinks' set `true' on input line 4319.
Package hyperref Info: Hyper figures OFF on input line 4443.
Package hyperref Info: Link nesting OFF on input line 4448.
Package hyperref Info: Hyper index ON on input line 4451.
Package hyperref Info: Plain pages OFF on input line 4458.
Package hyperref Info: Backreferencing OFF on input line 4463.
Package hyperref Info: Implicit mode ON; LaTeX internals redefined.
Package hyperref Info: Bookmarks ON on input line 4688.
\c@Hy@tempcnt=\count115

(/usr/share/texlive/texmf-dist/tex/latex/url/url.sty
\Urlmuskip=\muskip11
Package: url 2013/09/16  ver 3.4  Verb mode for urls, etc.
)
LaTeX Info: Redefining \url on input line 5041.
\XeTeXLinkMargin=\dimen121
\Fld@menulength=\count116
\Field@Width=\dimen122
\Fld@charsize=\dimen123
Package hyperref Info: Hyper figures OFF on input line 6295.
Package hyperref Info: Link nesting OFF on input line 6300.
Package hyperref Info: Hyper index ON on input line 6303.
Package hyperref Info: backreferencing OFF on input line 6310.
Package hyperref Info: Link coloring ON on input line 6313.
Package hyperref Info: Link coloring with OCG OFF on input line 6320.
Package hyperref Info: PDF/A mode OFF on input line 6325.
LaTeX Info: Redefining \ref on input line 6365.
LaTeX Info: Redefining \pageref on input line 6369.
\Hy@abspage=\count117
\c@Item=\count118
\c@Hfootnote=\count119
)

Package hyperref Message: Driver (autodetected): hpdftex.

(/usr/share/texlive/texmf-dist/tex/latex/hyperref/hpdftex.def
File: hpdftex.def 2012/11/06 v6.83m Hyperref driver for pdfTeX
\Fld@listcount=\count120
\c@bookmark@seq@number=\count121

(/usr/share/texlive/texmf-dist/tex/latex/oberdiek/rerunfilecheck.sty
Package: rerunfilecheck 2011/04/15 v1.7 Rerun checks for auxiliary files (HO)
Package uniquecounter Info: New unique counter `rerunfilecheck' on input line 2
82.
)
\Hy@SectionHShift=\skip46
)
(/usr/share/texlive/texmf-dist/tex/latex/cprotect/cprotect.sty
Package: cprotect 2011/01/27 v1.0e (Bruno Le Floch)

(/usr/share/texlive/texmf-dist/tex/latex/bigfoot/suffix.sty
Package: suffix 2006/07/15 1.5a Variant command support
)
\CPT@WriteOut=\write3
\c@CPT@WriteCount=\count122
\c@CPT@numB=\count123
\CPT@commandatend@toks=\toks21
)
(./ARTICLE_ASME_V2.aux

LaTeX Warning: Label `WNL3' multiply defined.

)
\openout1 = `ARTICLE_ASME_V2.aux'.

LaTeX Font Info:    Checking defaults for OML/cmm/m/it on input line 73.
LaTeX Font Info:    ... okay on input line 73.
LaTeX Font Info:    Checking defaults for T1/cmr/m/n on input line 73.
LaTeX Font Info:    ... okay on input line 73.
LaTeX Font Info:    Checking defaults for OT1/cmr/m/n on input line 73.
LaTeX Font Info:    ... okay on input line 73.
LaTeX Font Info:    Checking defaults for OMS/cmsy/m/n on input line 73.
LaTeX Font Info:    ... okay on input line 73.
LaTeX Font Info:    Checking defaults for OMX/cmex/m/n on input line 73.
LaTeX Font Info:    ... okay on input line 73.
LaTeX Font Info:    Checking defaults for U/cmr/m/n on input line 73.
LaTeX Font Info:    ... okay on input line 73.
LaTeX Font Info:    Checking defaults for PD1/pdf/m/n on input line 73.
LaTeX Font Info:    ... okay on input line 73.
LaTeX Font Info:    Try loading font information for OT1+ptm on input line 73.
 (/usr/share/texlive/texmf-dist/tex/latex/psnfss/ot1ptm.fd
File: ot1ptm.fd 2001/06/04 font definitions for OT1/ptm.
)
(/usr/share/texlive/texmf-dist/tex/context/base/supp-pdf.mkii
[Loading MPS to PDF converter (version 2006.09.02).]
\scratchcounter=\count124
\scratchdimen=\dimen124
\scratchbox=\box32
\nofMPsegments=\count125
\nofMParguments=\count126
\everyMPshowfont=\toks22
\MPscratchCnt=\count127
\MPscratchDim=\dimen125
\MPnumerator=\count128
\makeMPintoPDFobject=\count129
\everyMPtoPDFconversion=\toks23
) (/usr/share/texlive/texmf-dist/tex/latex/oberdiek/epstopdf-base.sty
Package: epstopdf-base 2010/02/09 v2.5 Base part for package epstopdf

(/usr/share/texlive/texmf-dist/tex/latex/oberdiek/grfext.sty
Package: grfext 2010/08/19 v1.1 Manage graphics extensions (HO)
)
Package grfext Info: Graphics extension search list:
(grfext)             [.png,.pdf,.jpg,.mps,.jpeg,.jbig2,.jb2,.PNG,.PDF,.JPG,.JPE
G,.JBIG2,.JB2,.eps]
(grfext)             \AppendGraphicsExtensions on input line 452.

(/usr/share/texlive/texmf-dist/tex/latex/latexconfig/epstopdf-sys.cfg
File: epstopdf-sys.cfg 2010/07/13 v1.3 Configuration of (r)epstopdf for TeX Liv
e
))
\c@lstlisting=\count130
\AtBeginShipoutBox=\box33

(/usr/share/texlive/texmf-dist/tex/latex/graphics/color.sty
Package: color 2016/01/03 v1.1b Standard LaTeX Color (DPC)

(/usr/share/texlive/texmf-dist/tex/latex/latexconfig/color.cfg
File: color.cfg 2007/01/18 v1.5 color configuration of teTeX/TeXLive
)
Package color Info: Driver file: pdftex.def on input line 143.
)
Package hyperref Info: Link coloring ON on input line 73.

(/usr/share/texlive/texmf-dist/tex/latex/hyperref/nameref.sty
Package: nameref 2012/10/27 v2.43 Cross-referencing by name of section

(/usr/share/texlive/texmf-dist/tex/generic/oberdiek/gettitlestring.sty
Package: gettitlestring 2010/12/03 v1.4 Cleanup title references (HO)
)
\c@section@level=\count131
)
LaTeX Info: Redefining \ref on input line 73.
LaTeX Info: Redefining \pageref on input line 73.
LaTeX Info: Redefining \nameref on input line 73.

(./ARTICLE_ASME_V2.out) (./ARTICLE_ASME_V2.out)
\@outlinefile=\write4
\openout4 = `ARTICLE_ASME_V2.out'.


(/usr/share/texlive/texmf-dist/tex/latex/listings/lstlang1.sty
File: lstlang1.sty 2015/06/04 1.6 listings language file
)
LaTeX Font Info:    Try loading font information for OT1+ptmcm on input line 77
.

(/usr/share/texlive/texmf-dist/tex/latex/psnfss/ot1ptmcm.fd
File: ot1ptmcm.fd 2000/01/03 Fontinst v1.801 font definitions for OT1/ptmcm.
)
LaTeX Font Info:    Try loading font information for OML+ptmcm on input line 77
.

(/usr/share/texlive/texmf-dist/tex/latex/psnfss/omlptmcm.fd
File: omlptmcm.fd 2000/01/03 Fontinst v1.801 font definitions for OML/ptmcm.
)
LaTeX Font Info:    Try loading font information for OMS+pzccm on input line 77
.

(/usr/share/texlive/texmf-dist/tex/latex/psnfss/omspzccm.fd
File: omspzccm.fd 2000/01/03 Fontinst v1.801 font definitions for OMS/pzccm.
)
LaTeX Font Info:    Try loading font information for OMX+psycm on input line 77
.

(/usr/share/texlive/texmf-dist/tex/latex/psnfss/omxpsycm.fd
File: omxpsycm.fd 2000/01/03 Fontinst v1.801 font definitions for OMX/psycm.
)
LaTeX Font Info:    Font shape `OT1/ptm/bx/n' in size <10> not available
(Font)              Font shape `OT1/ptm/b/n' tried instead on input line 77.
LaTeX Font Info:    Font shape `OT1/ptm/bx/n' in size <7.4> not available
(Font)              Font shape `OT1/ptm/b/n' tried instead on input line 77.
LaTeX Font Info:    Font shape `OT1/ptm/bx/n' in size <6> not available
(Font)              Font shape `OT1/ptm/b/n' tried instead on input line 77.

Underfull \hbox (badness 10000) detected at line 77
[]
 []


Overfull \hbox (39.74762pt too wide) in paragraph at lines 77--77
 [] 
 []

\openout3 = `ARTICLE_ASME_V2-1.cpt'.

LaTeX Font Info:    Font shape `OT1/ptm/bx/n' in size <8> not available
(Font)              Font shape `OT1/ptm/b/n' tried instead on input line 132.
LaTeX Font Info:    Font shape `OT1/ptm/bx/n' in size <5> not available
(Font)              Font shape `OT1/ptm/b/n' tried instead on input line 132.
(./ARTICLE_ASME_V2-1.cpt
LaTeX Font Info:    Try loading font information for OT1+pcr on input line 2.

(/usr/share/texlive/texmf-dist/tex/latex/psnfss/ot1pcr.fd
File: ot1pcr.fd 2001/06/04 font definitions for OT1/pcr.
))
Overfull \vbox (5.96382pt too high) has occurred while \output is active []


[1{/var/lib/texmf/fonts/map/pdftex/updmap/pdftex.map}


]
LaTeX Font Info:    Try loading font information for OMS+ptm on input line 139.


(/usr/share/texlive/texmf-dist/tex/latex/psnfss/omsptm.fd
File: omsptm.fd 
)
LaTeX Font Info:    Font shape `OMS/ptm/m/n' in size <10> not available
(Font)              Font shape `OMS/cmsy/m/n' tried instead on input line 139.

Underfull \hbox (badness 6284) in paragraph at lines 204--207
 []\OT1/ptm/b/n/10 Newton it-er-a-tion[] \OT1/ptm/m/n/10 We look for a steady b
ase-flow
 []

[2]
LaTeX Font Info:    Font shape `OT1/ptm/bx/n' in size <9> not available
(Font)              Font shape `OT1/ptm/b/n' tried instead on input line 335.
LaTeX Font Info:    Font shape `OMS/ptm/m/n' in size <9> not available
(Font)              Font shape `OMS/cmsy/m/n' tried instead on input line 340.
LaTeX Font Info:    Font shape `OT1/ptm/bx/n' in size <7> not available
(Font)              Font shape `OT1/ptm/b/n' tried instead on input line 340.
 <./FIGURES/Cylinder_Mesh.png, id=106, 562.2606pt x 314.6154pt>
File: ./FIGURES/Cylinder_Mesh.png Graphic file (type png)

<use ./FIGURES/Cylinder_Mesh.png>
Package pdftex.def Info: ./FIGURES/Cylinder_Mesh.png used on input line 363.
(pdftex.def)             Requested size: 217.24239pt x 121.55695pt.

<./FIGURES/Cylinder_BaseFlowRe60.png, id=107, 562.2606pt x 314.6154pt>
File: ./FIGURES/Cylinder_BaseFlowRe60.png Graphic file (type png)

<use ./FIGURES/Cylinder_BaseFlowRe60.png>
Package pdftex.def Info: ./FIGURES/Cylinder_BaseFlowRe60.png used on input line
 366.
(pdftex.def)             Requested size: 217.24239pt x 121.55695pt.

Underfull \hbox (badness 10000) in paragraph at lines 363--368
[][]
 []

<./FIGURES/Cylinder_Lx_baseflow.png, id=108, 562.2606pt x 314.6154pt>
File: ./FIGURES/Cylinder_Lx_baseflow.png Graphic file (type png)

<use ./FIGURES/Cylinder_Lx_baseflow.png>
Package pdftex.def Info: ./FIGURES/Cylinder_Lx_baseflow.png used on input line 
373.
(pdftex.def)             Requested size: 217.24239pt x 121.55695pt.

<./FIGURES/Cylinder_Drag_baseflow.png, id=109, 562.2606pt x 315.0972pt>
File: ./FIGURES/Cylinder_Drag_baseflow.png Graphic file (type png)

<use ./FIGURES/Cylinder_Drag_baseflow.png>
Package pdftex.def Info: ./FIGURES/Cylinder_Drag_baseflow.png used on input lin
e 374.
(pdftex.def)             Requested size: 217.24239pt x 121.7431pt.

Underfull \hbox (badness 10000) in paragraph at lines 373--375
[][]
 []

[3]
Underfull \hbox (badness 1472) in paragraph at lines 388--391
\OT1/ptm/m/n/10 adap-ta-tion method. The im-ple-men-ta-tion re-lies on the
 []


Underfull \hbox (badness 10000) in paragraph at lines 408--415
 []\OT1/ptm/b/n/10 Problem de-scrip-tion[] \OT1/ptm/m/n/10 Here, we con-sider t
he two-
 []

[4] <./FIGURES/Cylinder_Sigma_Re.png, id=169, 562.2606pt x 314.6154pt>
File: ./FIGURES/Cylinder_Sigma_Re.png Graphic file (type png)

<use ./FIGURES/Cylinder_Sigma_Re.png>
Package pdftex.def Info: ./FIGURES/Cylinder_Sigma_Re.png used on input line 472
.
(pdftex.def)             Requested size: 217.24239pt x 121.55695pt.

<./FIGURES/Cylinder_Strouhal_Re.png, id=170, 562.2606pt x 314.6154pt>
File: ./FIGURES/Cylinder_Strouhal_Re.png Graphic file (type png)

<use ./FIGURES/Cylinder_Strouhal_Re.png>
Package pdftex.def Info: ./FIGURES/Cylinder_Strouhal_Re.png used on input line 
473.
(pdftex.def)             Requested size: 217.24239pt x 121.55695pt.

Underfull \hbox (badness 10000) in paragraph at lines 472--474
[][]
 []


Underfull \hbox (badness 7796) in paragraph at lines 474--474
[]\OT1/phv/m/n/8 Fig. 4. []Growth rate $\OML/ptmcm/m/it/10 ^^[$ $\OT1/ptmcm/m/n
/10 (\OML/ptmcm/m/it/10 a\OT1/ptmcm/m/n/10 )$ \OT1/phv/m/n/8 and Strouhal num-b
er $\OML/ptmcm/m/it/10 St \OT1/ptmcm/m/n/10 =
 []

<./FIGURES/Cylinder_EigenModeRe60.png, id=171, 562.2606pt x 314.6154pt>
File: ./FIGURES/Cylinder_EigenModeRe60.png Graphic file (type png)

<use ./FIGURES/Cylinder_EigenModeRe60.png>
Package pdftex.def Info: ./FIGURES/Cylinder_EigenModeRe60.png used on input lin
e 480.
(pdftex.def)             Requested size: 217.24239pt x 121.55695pt.

<./FIGURES/Cylinder_EigenModeAdjRe60.png, id=172, 562.2606pt x 314.6154pt>
File: ./FIGURES/Cylinder_EigenModeAdjRe60.png Graphic file (type png)

<use ./FIGURES/Cylinder_EigenModeAdjRe60.png>
Package pdftex.def Info: ./FIGURES/Cylinder_EigenModeAdjRe60.png used on input 
line 483.
(pdftex.def)             Requested size: 217.24239pt x 121.55695pt.

<./FIGURES/Cylinder_SensitivityRe60.png, id=173, 562.2606pt x 314.6154pt>
File: ./FIGURES/Cylinder_SensitivityRe60.png Graphic file (type png)

<use ./FIGURES/Cylinder_SensitivityRe60.png>
Package pdftex.def Info: ./FIGURES/Cylinder_SensitivityRe60.png used on input l
ine 485.
(pdftex.def)             Requested size: 217.24239pt x 121.55695pt.

Underfull \hbox (badness 10000) in paragraph at lines 480--487
[][]
 []


Underfull \hbox (badness 10000) in paragraph at lines 480--487
[]
 []

[5 <./FIGURES/Cylinder_Mesh.png (PNG copy)> <./FIGURES/Cylinder_BaseFlowRe60.pn
g (PNG copy)> <./FIGURES/Cylinder_Lx_baseflow.png (PNG copy)> <./FIGURES/Cylind
er_Drag_baseflow.png (PNG copy)>]
Missing character: There is no Ã in font ptmb7t!
Missing character: There is no © in font ptmb7t!
Missing character: There is no Ã in font ptmr7t!
Missing character: There is no © in font ptmr7t!
 [6 <./FIGURES/Cylinder_Sigma_Re.png (PNG copy)> <./FIGURES/Cylinder_Strouhal_R
e.png (PNG copy)> <./FIGURES/Cylinder_EigenModeRe60.png (PNG copy)> <./FIGURES/
Cylinder_EigenModeAdjRe60.png (PNG copy)> <./FIGURES/Cylinder_SensitivityRe60.p
ng (PNG copy)>]
Overfull \hbox (19.08946pt too wide) in alignment at lines 634--639
 [][][] []
 []


LaTeX Warning: Citation `Fabre2012' on page 7 undefined on input line 691.


Underfull \hbox (badness 10000) in paragraph at lines 723--739
[]\OT1/ptm/m/n/10 Figure [][]6[][], which is ex-tracted from the script
 []

[7] <./FIGURES/Cylinder_Strouhal_Re_HB.png, id=223, 562.2606pt x 314.6154pt>
File: ./FIGURES/Cylinder_Strouhal_Re_HB.png Graphic file (type png)

<use ./FIGURES/Cylinder_Strouhal_Re_HB.png>
Package pdftex.def Info: ./FIGURES/Cylinder_Strouhal_Re_HB.png used on input li
ne 746.
(pdftex.def)             Requested size: 217.24239pt x 121.55695pt.

<./FIGURES/Cylinder_Cx_Re_HB.png, id=224, 562.2606pt x 314.6154pt>
File: ./FIGURES/Cylinder_Cx_Re_HB.png Graphic file (type png)

<use ./FIGURES/Cylinder_Cx_Re_HB.png>
Package pdftex.def Info: ./FIGURES/Cylinder_Cx_Re_HB.png used on input line 747
.
(pdftex.def)             Requested size: 217.24239pt x 121.55695pt.

<./FIGURES/Cylinder_Cy_Re_SC.png, id=225, 562.2606pt x 314.6154pt>
File: ./FIGURES/Cylinder_Cy_Re_SC.png Graphic file (type png)

<use ./FIGURES/Cylinder_Cy_Re_SC.png>
Package pdftex.def Info: ./FIGURES/Cylinder_Cy_Re_SC.png used on input line 748
.
(pdftex.def)             Requested size: 217.24239pt x 121.55695pt.

<./FIGURES/Cylinder_Energy_Re_SC.png, id=226, 562.2606pt x 314.6154pt>
File: ./FIGURES/Cylinder_Energy_Re_SC.png Graphic file (type png)

<use ./FIGURES/Cylinder_Energy_Re_SC.png>
Package pdftex.def Info: ./FIGURES/Cylinder_Energy_Re_SC.png used on input line
 749.
(pdftex.def)             Requested size: 217.24239pt x 121.55695pt.

<./FIGURES/toto.png, id=227, 1009.7725pt x 512.91624pt>
File: ./FIGURES/toto.png Graphic file (type png)

<use ./FIGURES/toto.png>
Package pdftex.def Info: ./FIGURES/toto.png used on input line 775.
(pdftex.def)             Requested size: 217.24239pt x 110.34528pt.

Overfull \vbox (4.32066pt too high) has occurred while \output is active []



LaTeX Warning: Reference `fig:SC100' on page 8 undefined on input line 821.

<./FIGURES/Cylinder_Lx_Re_HB.png, id=237, 562.2606pt x 314.6154pt>
File: ./FIGURES/Cylinder_Lx_Re_HB.png Graphic file (type png)

<use ./FIGURES/Cylinder_Lx_Re_HB.png>
Package pdftex.def Info: ./FIGURES/Cylinder_Lx_Re_HB.png used on input line 829
.
(pdftex.def)             Requested size: 217.24239pt x 121.55695pt.
 [8]
Underfull \vbox (badness 10000) has occurred while \output is active []

 [9 <./FIGURES/Cylinder_Strouhal_Re_HB.png (PNG copy)> <./FIGURES/Cylinder_Cx_R
e_HB.png (PNG copy)> <./FIGURES/Cylinder_Cy_Re_SC.png (PNG copy)> <./FIGURES/Cy
linder_Energy_Re_SC.png (PNG copy)> <./FIGURES/toto.png> <./FIGURES/Cylinder_Lx
_Re_HB.png (PNG copy)>]
Underfull \hbox (badness 1102) in paragraph at lines 942--943
\OT1/ptm/m/n/10 the script \OT1/ptm/m/it/10 SCRIPT[]CYLINDER[]MESHCONVERGENCE.m

 []


LaTeX Warning: Reference `fig:MeshConvergence' on page 10 undefined on input li
ne 955.


LaTeX Warning: Reference `ill_bsflow' on page 10 undefined on input line 957.


LaTeX Warning: Reference `stabmesh' on page 10 undefined on input line 958.

[10]
Overfull \hbox (5.65678pt too wide) in alignment at lines 1084--1096
 [][][] []
 []

(./ARTICLE_ASME_V2.bbl)
Package atveryend Info: Empty hook `BeforeClearDocument' on input line 1103.
 [11] [12]
Package atveryend Info: Empty hook `AfterLastShipout' on input line 1103.
 (./ARTICLE_ASME_V2.aux)
Package atveryend Info: Executing hook `AtVeryEndDocument' on input line 1103.
Package atveryend Info: Executing hook `AtEndAfterFileList' on input line 1103.

Package rerunfilecheck Info: File `ARTICLE_ASME_V2.out' has not changed.
(rerunfilecheck)             Checksum: 78FA2AB2C157E72472D387C856220930;676.


LaTeX Warning: There were undefined references.


LaTeX Warning: There were multiply-defined labels.

Package atveryend Info: Empty hook `AtVeryVeryEnd' on input line 1103.
 ) 
Here is how much of TeX's memory you used:
 8337 strings out of 493029
 120156 string characters out of 6136234
 265056 words of memory out of 5000000
 11569 multiletter control sequences out of 15000+600000
 56496 words of font info for 112 fonts, out of 8000000 for 9000
 1141 hyphenation exceptions out of 8191
 34i,12n,40p,1304b,1643s stack positions out of 5000i,500n,10000p,200000b,80000s
{/usr/share/texlive/texmf-dist/fonts/enc/dvips/base/8r.enc}</usr/share/texliv
e/texmf-dist/fonts/type1/public/amsfonts/cm/cmex10.pfb></usr/share/texlive/texm
f-dist/fonts/type1/public/amsfonts/cmextra/cmex9.pfb></usr/share/texlive/texmf-
dist/fonts/type1/public/amsfonts/cm/cmmi10.pfb></usr/share/texlive/texmf-dist/f
onts/type1/public/amsfonts/cm/cmr10.pfb></usr/share/texlive/texmf-dist/fonts/ty
pe1/public/amsfonts/cm/cmss10.pfb></usr/share/texlive/texmf-dist/fonts/type1/pu
blic/amsfonts/cm/cmsy10.pfb></usr/share/texlive/texmf-dist/fonts/type1/public/a
msfonts/cm/cmsy9.pfb></usr/share/texlive/texmf-dist/fonts/type1/urw/courier/ucr
r8a.pfb></usr/share/texlive/texmf-dist/fonts/type1/urw/helvetic/uhvb8a.pfb></us
r/share/texlive/texmf-dist/fonts/type1/urw/helvetic/uhvr8a.pfb></usr/share/texl
ive/texmf-dist/fonts/type1/urw/symbol/usyr.pfb></usr/share/texlive/texmf-dist/f
onts/type1/urw/times/utmb8a.pfb></usr/share/texlive/texmf-dist/fonts/type1/urw/
times/utmr8a.pfb></usr/share/texlive/texmf-dist/fonts/type1/urw/times/utmri8a.p
fb></usr/share/texlive/texmf-dist/fonts/type1/urw/zapfchan/uzcmi8a.pfb>
Output written on ARTICLE_ASME_V2.pdf (12 pages, 834693 bytes).
PDF statistics:
 398 PDF objects out of 1000 (max. 8388607)
 349 compressed objects within 4 object streams
 153 named destinations out of 1000 (max. 500000)
 156 words of extra memory for PDF output out of 10000 (max. 10000000)

